#
# A fatal error has been detected by the Java Runtime Environment:
#
#  SIGSEGV (0xb) at pc=0x00007fff8e2bc0a5, pid=4531, tid=0x00000000000186e7
#
# JRE version: Java(TM) SE Runtime Environment (8.0_102-b14) (build 1.8.0_102-b14)
# Java VM: Java HotSpot(TM) 64-Bit Server VM (25.102-b14 mixed mode bsd-amd64 compressed oops)
# Problematic frame:
# C  [libsystem_platform.dylib+0x20a5]  _platform_memmove$VARIANT$Nehalem+0xc5
#
# Failed to write core dump. Core dumps have been disabled. To enable core dumping, try "ulimit -c unlimited" before starting Java again
#
# If you would like to submit a bug report, please visit:
#   http://bugreport.java.com/bugreport/crash.jsp
# The crash happened outside the Java Virtual Machine in native code.
# See problematic frame for where to report the bug.
#

---------------  T H R E A D  ---------------

Current thread (0x00007ffc36de3800):  JavaThread "Thread-2" [_thread_in_native, id=100071, stack(0x000070000c0bf000,0x000070000c1bf000)]

siginfo: si_signo: 11 (SIGSEGV), si_code: 1 (SEGV_MAPERR), si_addr: 0x0000000122fd8000

Registers:
RAX=0x00007ffc3e859e00, RBX=0x0000000122fb5bc2, RCX=0x0000000000000010, RDX=0x00000000000038f1
RSP=0x000070000c1be0b0, RBP=0x000070000c1be0b0, RSI=0x0000000122fd7fed, RDI=0x00007ffc3e863a10
R8 =0x000000000000d542, R9 =0x00007ffc3e859e00, R10=0x0000000000000000, R11=0x00007ffb1b88ba23
R12=0x0000000047ae6ff3, R13=0x00000000b41628f7, R14=0x00007ffc3e859e00, R15=0x000000000000d541
RIP=0x00007fff8e2bc0a5, EFLAGS=0x0000000000010202, ERR=0x0000000000000004
  TRAPNO=0x000000000000000e

Top of Stack: (sp=0x000070000c1be0b0)
0x000070000c1be0b0:   000070000c1be120 0000000104960399
0x000070000c1be0c0:   0000000c00000045 0000000100000098
0x000070000c1be0d0:   000000000000d541 00007ffc3e888200
0x000070000c1be0e0:   000000000000efe1 00007ffc3b593cd0
0x000070000c1be0f0:   00007ffc3b611040 0000000000000000
0x000070000c1be100:   0000000000000000 000000011f16e2b0
0x000070000c1be110:   00007ffc3b593cd0 00007ffc36de3800
0x000070000c1be120:   000070000c1be140 0000000104960441
0x000070000c1be130:   000000011f16e2b0 000070000c1be1f0
0x000070000c1be140:   000070000c1be150 000000010495f157
0x000070000c1be150:   000070000c1be1c0 000000010778c9d4
0x000070000c1be160:   000000011f16fb38 0000000000000000
0x000070000c1be170:   000000011f16ea00 0000000000000000
0x000070000c1be180:   000070000c1be180 0000000000000000
0x000070000c1be190:   000070000c1be1f0 000000011f16fb38
0x000070000c1be1a0:   0000000000000000 000000011f16e2b0
0x000070000c1be1b0:   0000000000000000 000070000c1be1e0
0x000070000c1be1c0:   000070000c1be238 000000010777cdd0
0x000070000c1be1d0:   00000006c0012670 0000000107786537
0x000070000c1be1e0:   0000000000000000 00007ffc3b593cd0
0x000070000c1be1f0:   0000000000000000 000070000c1be1f8
0x000070000c1be200:   000000011f16f382 000070000c1be258
0x000070000c1be210:   000000011f16fb38 0000000000000000
0x000070000c1be220:   000000011f16f390 000070000c1be1e0
0x000070000c1be230:   000070000c1be248 000070000c1be2b0
0x000070000c1be240:   000000010777cdd0 0000000000000000
0x000070000c1be250:   00007ffc3b593cd0 000000076d81da68
0x000070000c1be260:   000000076d81da68 000000076d81da68
0x000070000c1be270:   000070000c1be260 000000016c4ffda6
0x000070000c1be280:   000070000c1be2e8 000000016c500028
0x000070000c1be290:   0000000000000000 000000016c4ffe70
0x000070000c1be2a0:   000070000c1be248 000070000c1be2e8 

Instructions: (pc=0x00007fff8e2bc0a5)
0x00007fff8e2bc085:   6a 48 f7 c6 0f 00 00 00 74 31 0f 29 0f 0f 29 57
0x00007fff8e2bc095:   10 0f 29 5f 20 0f 29 67 30 48 83 c7 40 0f 10 0e
0x00007fff8e2bc0a5:   0f 10 56 10 0f 10 5e 20 0f 10 66 30 48 83 c6 40
0x00007fff8e2bc0b5:   48 83 ea 40 77 d4 eb 33 0f 1f 00 0f 29 0f 0f 29 

Register to memory mapping:

RAX=0x00007ffc3e859e00 is an unknown value
RBX=0x0000000122fb5bc2 is an unknown value
RCX=0x0000000000000010 is an unknown value
RDX=0x00000000000038f1 is an unknown value
RSP=0x000070000c1be0b0 is pointing into the stack for thread: 0x00007ffc36de3800
RBP=0x000070000c1be0b0 is pointing into the stack for thread: 0x00007ffc36de3800
RSI=0x0000000122fd7fed is an unknown value
RDI=0x00007ffc3e863a10 is an unknown value
R8 =0x000000000000d542 is an unknown value
R9 =0x00007ffc3e859e00 is an unknown value
R10=0x0000000000000000 is an unknown value
R11=0x00007ffb1b88ba23 is an unknown value
R12=0x0000000047ae6ff3 is an unknown value
R13=0x00000000b41628f7 is an unknown value
R14=0x00007ffc3e859e00 is an unknown value
R15=0x000000000000d541 is an unknown value


Stack: [0x000070000c0bf000,0x000070000c1bf000],  sp=0x000070000c1be0b0,  free space=1020k
Native frames: (J=compiled Java code, j=interpreted, Vv=VM code, C=native code)
C  [libsystem_platform.dylib+0x20a5]  _platform_memmove$VARIANT$Nehalem+0xc5
C  [libzip.dylib+0x3399]  newEntry+0x65b
C  [libzip.dylib+0x3441]  ZIP_GetNextEntry+0x37
C  [libzip.dylib+0x2157]  Java_java_util_zip_ZipFile_getNextEntry+0xe
j  java.util.zip.ZipFile.getNextEntry(JI)J+0
j  java.util.zip.ZipFile.access$500(JI)J+2
j  java.util.zip.ZipFile$ZipEntryIterator.next()Ljava/util/zip/ZipEntry;+54
j  java.util.zip.ZipFile$ZipEntryIterator.nextElement()Ljava/util/zip/ZipEntry;+1
j  java.util.zip.ZipFile$ZipEntryIterator.nextElement()Ljava/lang/Object;+1
j  org.apache.poi.openxml4j.opc.ZipPackage.getPartsImpl()[Lorg/apache/poi/openxml4j/opc/PackagePart;+76
j  org.apache.poi.openxml4j.opc.OPCPackage.getParts()Ljava/util/ArrayList;+16
j  org.apache.poi.openxml4j.opc.OPCPackage.open(Ljava/lang/String;Lorg/apache/poi/openxml4j/opc/PackageAccess;)Lorg/apache/poi/openxml4j/opc/OPCPackage;+87
j  org.apache.poi.openxml4j.opc.OPCPackage.open(Ljava/lang/String;)Lorg/apache/poi/openxml4j/opc/OPCPackage;+4
j  org.apache.poi.POIXMLDocument.openPackage(Ljava/lang/String;)Lorg/apache/poi/openxml4j/opc/OPCPackage;+1
j  org.apache.poi.xssf.usermodel.XSSFWorkbook.<init>(Ljava/lang/String;)V+2
j  EFRECURSAL.lerExcel(Ljava/lang/String;)Ljava/lang/String;+142
j  EFRECURSAL.visualizarArquivos()V+114
j  EFRECURSAL.init()V+13
j  EficienciaFinanceiraRecursal$5.run()V+82
v  ~StubRoutines::call_stub
V  [libjvm.dylib+0x2ed5e2]  JavaCalls::call_helper(JavaValue*, methodHandle*, JavaCallArguments*, Thread*)+0x6ae
V  [libjvm.dylib+0x2edd70]  JavaCalls::call_virtual(JavaValue*, KlassHandle, Symbol*, Symbol*, JavaCallArguments*, Thread*)+0x164
V  [libjvm.dylib+0x2edf1c]  JavaCalls::call_virtual(JavaValue*, Handle, KlassHandle, Symbol*, Symbol*, Thread*)+0x4a
V  [libjvm.dylib+0x348691]  thread_entry(JavaThread*, Thread*)+0x7c
V  [libjvm.dylib+0x56a4db]  JavaThread::thread_main_inner()+0x9b
V  [libjvm.dylib+0x56bbc8]  JavaThread::run()+0x1c2
V  [libjvm.dylib+0x489ed2]  java_start(Thread*)+0xf6
C  [libsystem_pthread.dylib+0x393b]  _pthread_body+0xb4
C  [libsystem_pthread.dylib+0x3887]  _pthread_body+0x0
C  [libsystem_pthread.dylib+0x308d]  thread_start+0xd
C  0x0000000000000000

Java frames: (J=compiled Java code, j=interpreted, Vv=VM code)
j  java.util.zip.ZipFile.getNextEntry(JI)J+0
j  java.util.zip.ZipFile.access$500(JI)J+2
j  java.util.zip.ZipFile$ZipEntryIterator.next()Ljava/util/zip/ZipEntry;+54
j  java.util.zip.ZipFile$ZipEntryIterator.nextElement()Ljava/util/zip/ZipEntry;+1
j  java.util.zip.ZipFile$ZipEntryIterator.nextElement()Ljava/lang/Object;+1
j  org.apache.poi.openxml4j.opc.ZipPackage.getPartsImpl()[Lorg/apache/poi/openxml4j/opc/PackagePart;+76
j  org.apache.poi.openxml4j.opc.OPCPackage.getParts()Ljava/util/ArrayList;+16
j  org.apache.poi.openxml4j.opc.OPCPackage.open(Ljava/lang/String;Lorg/apache/poi/openxml4j/opc/PackageAccess;)Lorg/apache/poi/openxml4j/opc/OPCPackage;+87
j  org.apache.poi.openxml4j.opc.OPCPackage.open(Ljava/lang/String;)Lorg/apache/poi/openxml4j/opc/OPCPackage;+4
j  org.apache.poi.POIXMLDocument.openPackage(Ljava/lang/String;)Lorg/apache/poi/openxml4j/opc/OPCPackage;+1
j  org.apache.poi.xssf.usermodel.XSSFWorkbook.<init>(Ljava/lang/String;)V+2
j  EFRECURSAL.lerExcel(Ljava/lang/String;)Ljava/lang/String;+142
j  EFRECURSAL.visualizarArquivos()V+114
j  EFRECURSAL.init()V+13
j  EficienciaFinanceiraRecursal$5.run()V+82
v  ~StubRoutines::call_stub

---------------  P R O C E S S  ---------------

Java Threads: ( => current thread )
  0x00007ffc363f0000 JavaThread "Keep-Alive-Timer" daemon [_thread_blocked, id=120587, stack(0x000070000c8e3000,0x000070000c9e3000)]
  0x00007ffc355b9000 JavaThread "Image Animator 0" daemon [_thread_in_vm, id=119047, stack(0x000070000c6dd000,0x000070000c7dd000)]
=>0x00007ffc36de3800 JavaThread "Thread-2" [_thread_in_native, id=100071, stack(0x000070000c0bf000,0x000070000c1bf000)]
  0x00007ffc3652a000 JavaThread "TimerQueue" daemon [_thread_blocked, id=102155, stack(0x000070000c34b000,0x000070000c44b000)]
  0x00007ffc36c32800 JavaThread "DestroyJavaVM" [_thread_blocked, id=7171, stack(0x000070000ad00000,0x000070000ae00000)]
  0x00007ffc35b4a000 JavaThread "AWT-EventQueue-0" [_thread_blocked, id=66315, stack(0x000070000bf39000,0x000070000c039000)]
  0x00007ffc35b3d800 JavaThread "Java2D Disposer" daemon [_thread_blocked, id=61203, stack(0x000070000be36000,0x000070000bf36000)]
  0x00007ffc361c0000 JavaThread "Java2D Queue Flusher" daemon [_thread_blocked, id=49967, stack(0x000070000bd33000,0x000070000be33000)]
  0x00007ffc35a4c800 JavaThread "AWT-Shutdown" [_thread_blocked, id=30495, stack(0x000070000bbad000,0x000070000bcad000)]
  0x00007ffc35a44800 JavaThread "AppKit Thread" daemon [_thread_in_native, id=775, stack(0x00007fff5ab6d000,0x00007fff5b36d000)]
  0x00007ffc3603a800 JavaThread "Service Thread" daemon [_thread_blocked, id=18691, stack(0x000070000b924000,0x000070000ba24000)]
  0x00007ffc36804000 JavaThread "C1 CompilerThread2" daemon [_thread_blocked, id=18179, stack(0x000070000b821000,0x000070000b921000)]
  0x00007ffc3602f800 JavaThread "C2 CompilerThread1" daemon [_thread_in_native, id=17667, stack(0x000070000b71e000,0x000070000b81e000)]
  0x00007ffc3582e000 JavaThread "C2 CompilerThread0" daemon [_thread_in_native, id=17155, stack(0x000070000b61b000,0x000070000b71b000)]
  0x00007ffc36012800 JavaThread "Signal Dispatcher" daemon [_thread_blocked, id=16643, stack(0x000070000b518000,0x000070000b618000)]
  0x00007ffc3585d000 JavaThread "Finalizer" daemon [_thread_blocked, id=12547, stack(0x000070000b415000,0x000070000b515000)]
  0x00007ffc3585a000 JavaThread "Reference Handler" daemon [_thread_blocked, id=12035, stack(0x000070000b312000,0x000070000b412000)]

Other Threads:
  0x00007ffc35857800 VMThread [stack: 0x000070000b20f000,0x000070000b30f000] [id=11523]
  0x00007ffc36000800 WatcherThread [stack: 0x000070000ba27000,0x000070000bb27000] [id=19203]

VM state:not at safepoint (normal execution)

VM Mutex/Monitor currently owned by a thread: None

Heap:
 PSYoungGen      total 76288K, used 50005K [0x000000076ab00000, 0x0000000773780000, 0x00000007c0000000)
  eden space 65536K, 71% used [0x000000076ab00000,0x000000076d88b720,0x000000076eb00000)
  from space 10752K, 31% used [0x000000076eb00000,0x000000076ee49ff8,0x000000076f580000)
  to   space 10752K, 0% used [0x0000000772d00000,0x0000000772d00000,0x0000000773780000)
 ParOldGen       total 79872K, used 6769K [0x00000006c0000000, 0x00000006c4e00000, 0x000000076ab00000)
  object space 79872K, 8% used [0x00000006c0000000,0x00000006c069c4f0,0x00000006c4e00000)
 Metaspace       used 23081K, capacity 23410K, committed 23552K, reserved 1069056K
  class space    used 2837K, capacity 2949K, committed 3072K, reserved 1048576K

Card table byte_map: [0x0000000106561000,0x0000000106d62000] byte_map_base: 0x0000000102f61000

Marking Bits: (ParMarkBitMap*) 0x0000000105aefd20
 Begin Bits: [0x0000000116775000, 0x000000011a775000)
 End Bits:   [0x000000011a775000, 0x000000011e775000)

Polling page: 0x0000000104953000

CodeCache: size=245760Kb used=9760Kb max_used=9815Kb free=236000Kb
 bounds [0x0000000107775000, 0x0000000108115000, 0x0000000116775000]
 total_blobs=3619 nmethods=3023 adapters=508
 compilation: enabled

Compilation events (10 events):
Event: 20.337 Thread 0x00007ffc36804000 nmethod 3150 0x00000001080e6bd0 code [0x00000001080e6d60, 0x00000001080e6ee8]
Event: 20.387 Thread 0x00007ffc36804000 3151       1       sun.java2d.SurfaceDataProxy$1::replaceData (2 bytes)
Event: 20.387 Thread 0x00007ffc36804000 nmethod 3151 0x00000001080e6f90 code [0x00000001080e70e0, 0x00000001080e71f0]
Event: 20.443 Thread 0x00007ffc3582e000 nmethod 2789 0x00000001080f7310 code [0x00000001080f7de0, 0x0000000108104ef0]
Event: 20.444 Thread 0x00007ffc3582e000 3122       4       org.apache.xmlbeans.impl.values.XmlObjectBase::monitor (19 bytes)
Event: 20.445 Thread 0x00007ffc3582e000 nmethod 3122 0x00000001080f42d0 code [0x00000001080f4420, 0x00000001080f4518]
Event: 20.445 Thread 0x00007ffc3582e000 3032       4       java.util.ArrayList::grow (45 bytes)
Event: 20.449 Thread 0x00007ffc36804000 3152       2       java.lang.StringBuilder::<init> (18 bytes)
Event: 20.449 Thread 0x00007ffc36804000 nmethod 3152 0x00000001080f6e50 code [0x00000001080f6fc0, 0x00000001080f71e8]
Event: 20.449 Thread 0x00007ffc36804000 3153   !   2       java.io.BufferedReader::ready (117 bytes)

GC Heap History (8 events):
Event: 16.794 GC heap before
{Heap before GC invocations=1 (full 0):
 PSYoungGen      total 76288K, used 65536K [0x000000076ab00000, 0x0000000770000000, 0x00000007c0000000)
  eden space 65536K, 100% used [0x000000076ab00000,0x000000076eb00000,0x000000076eb00000)
  from space 10752K, 0% used [0x000000076f580000,0x000000076f580000,0x0000000770000000)
  to   space 10752K, 0% used [0x000000076eb00000,0x000000076eb00000,0x000000076f580000)
 ParOldGen       total 175104K, used 0K [0x00000006c0000000, 0x00000006cab00000, 0x000000076ab00000)
  object space 175104K, 0% used [0x00000006c0000000,0x00000006c0000000,0x00000006cab00000)
 Metaspace       used 20548K, capacity 20764K, committed 20864K, reserved 1067008K
  class space    used 2526K, capacity 2604K, committed 2688K, reserved 1048576K
Event: 16.815 GC heap after
Heap after GC invocations=1 (full 0):
 PSYoungGen      total 76288K, used 9464K [0x000000076ab00000, 0x0000000770000000, 0x00000007c0000000)
  eden space 65536K, 0% used [0x000000076ab00000,0x000000076ab00000,0x000000076eb00000)
  from space 10752K, 88% used [0x000000076eb00000,0x000000076f43e008,0x000000076f580000)
  to   space 10752K, 0% used [0x000000076f580000,0x000000076f580000,0x0000000770000000)
 ParOldGen       total 175104K, used 80K [0x00000006c0000000, 0x00000006cab00000, 0x000000076ab00000)
  object space 175104K, 0% used [0x00000006c0000000,0x00000006c0014010,0x00000006cab00000)
 Metaspace       used 20548K, capacity 20764K, committed 20864K, reserved 1067008K
  class space    used 2526K, capacity 2604K, committed 2688K, reserved 1048576K
}
Event: 17.022 GC heap before
{Heap before GC invocations=2 (full 0):
 PSYoungGen      total 76288K, used 17881K [0x000000076ab00000, 0x0000000770000000, 0x00000007c0000000)
  eden space 65536K, 12% used [0x000000076ab00000,0x000000076b338738,0x000000076eb00000)
  from space 10752K, 88% used [0x000000076eb00000,0x000000076f43e008,0x000000076f580000)
  to   space 10752K, 0% used [0x000000076f580000,0x000000076f580000,0x0000000770000000)
 ParOldGen       total 175104K, used 80K [0x00000006c0000000, 0x00000006cab00000, 0x000000076ab00000)
  object space 175104K, 0% used [0x00000006c0000000,0x00000006c0014010,0x00000006cab00000)
 Metaspace       used 20975K, capacity 21192K, committed 21296K, reserved 1069056K
  class space    used 2559K, capacity 2638K, committed 2688K, reserved 1048576K
Event: 17.040 GC heap after
Heap after GC invocations=2 (full 0):
 PSYoungGen      total 76288K, used 6789K [0x000000076ab00000, 0x0000000774000000, 0x00000007c0000000)
  eden space 65536K, 0% used [0x000000076ab00000,0x000000076ab00000,0x000000076eb00000)
  from space 10752K, 63% used [0x000000076f580000,0x000000076fc21660,0x0000000770000000)
  to   space 10752K, 0% used [0x000000076eb00000,0x000000076eb00000,0x000000076f580000)
 ParOldGen       total 175104K, used 88K [0x00000006c0000000, 0x00000006cab00000, 0x000000076ab00000)
  object space 175104K, 0% used [0x00000006c0000000,0x00000006c0016010,0x00000006cab00000)
 Metaspace       used 20975K, capacity 21192K, committed 21296K, reserved 1069056K
  class space    used 2559K, capacity 2638K, committed 2688K, reserved 1048576K
}
Event: 17.040 GC heap before
{Heap before GC invocations=3 (full 1):
 PSYoungGen      total 76288K, used 6789K [0x000000076ab00000, 0x0000000774000000, 0x00000007c0000000)
  eden space 65536K, 0% used [0x000000076ab00000,0x000000076ab00000,0x000000076eb00000)
  from space 10752K, 63% used [0x000000076f580000,0x000000076fc21660,0x0000000770000000)
  to   space 10752K, 0% used [0x000000076eb00000,0x000000076eb00000,0x000000076f580000)
 ParOldGen       total 175104K, used 88K [0x00000006c0000000, 0x00000006cab00000, 0x000000076ab00000)
  object space 175104K, 0% used [0x00000006c0000000,0x00000006c0016010,0x00000006cab00000)
 Metaspace       used 20975K, capacity 21192K, committed 21296K, reserved 1069056K
  class space    used 2559K, capacity 2638K, committed 2688K, reserved 1048576K
Event: 17.111 GC heap after
Heap after GC invocations=3 (full 1):
 PSYoungGen      total 76288K, used 0K [0x000000076ab00000, 0x0000000774000000, 0x00000007c0000000)
  eden space 65536K, 0% used [0x000000076ab00000,0x000000076ab00000,0x000000076eb00000)
  from space 10752K, 0% used [0x000000076f580000,0x000000076f580000,0x0000000770000000)
  to   space 10752K, 0% used [0x000000076eb00000,0x000000076eb00000,0x000000076f580000)
 ParOldGen       total 79872K, used 6761K [0x00000006c0000000, 0x00000006c4e00000, 0x000000076ab00000)
  object space 79872K, 8% used [0x00000006c0000000,0x00000006c069a4f0,0x00000006c4e00000)
 Metaspace       used 20975K, capacity 21192K, committed 21296K, reserved 1069056K
  class space    used 2559K, capacity 2638K, committed 2688K, reserved 1048576K
}
Event: 19.509 GC heap before
{Heap before GC invocations=4 (full 1):
 PSYoungGen      total 76288K, used 65536K [0x000000076ab00000, 0x0000000774000000, 0x00000007c0000000)
  eden space 65536K, 100% used [0x000000076ab00000,0x000000076eb00000,0x000000076eb00000)
  from space 10752K, 0% used [0x000000076f580000,0x000000076f580000,0x0000000770000000)
  to   space 10752K, 0% used [0x000000076eb00000,0x000000076eb00000,0x000000076f580000)
 ParOldGen       total 79872K, used 6761K [0x00000006c0000000, 0x00000006c4e00000, 0x000000076ab00000)
  object space 79872K, 8% used [0x00000006c0000000,0x00000006c069a4f0,0x00000006c4e00000)
 Metaspace       used 22915K, capacity 23210K, committed 23344K, reserved 1069056K
  class space    used 2827K, capacity 2937K, committed 2944K, reserved 1048576K
Event: 19.522 GC heap after
Heap after GC invocations=4 (full 1):
 PSYoungGen      total 76288K, used 3367K [0x000000076ab00000, 0x0000000773780000, 0x00000007c0000000)
  eden space 65536K, 0% used [0x000000076ab00000,0x000000076ab00000,0x000000076eb00000)
  from space 10752K, 31% used [0x000000076eb00000,0x000000076ee49ff8,0x000000076f580000)
  to   space 10752K, 0% used [0x0000000772d00000,0x0000000772d00000,0x0000000773780000)
 ParOldGen       total 79872K, used 6769K [0x00000006c0000000, 0x00000006c4e00000, 0x000000076ab00000)
  object space 79872K, 8% used [0x00000006c0000000,0x00000006c069c4f0,0x00000006c4e00000)
 Metaspace       used 22915K, capacity 23210K, committed 23344K, reserved 1069056K
  class space    used 2827K, capacity 2937K, committed 2944K, reserved 1048576K
}

Deoptimization events (10 events):
Event: 18.266 Thread 0x00007ffc36de3800 Uncommon trap: reason=class_check action=maybe_recompile pc=0x0000000107c0ad50 method=java.util.HashMap.putVal(ILjava/lang/Object;Ljava/lang/Object;ZZ)Ljava/lang/Object; @ 91
Event: 18.266 Thread 0x00007ffc36de3800 Uncommon trap: reason=class_check action=maybe_recompile pc=0x0000000107c0ad50 method=java.util.HashMap.putVal(ILjava/lang/Object;Ljava/lang/Object;ZZ)Ljava/lang/Object; @ 91
Event: 18.266 Thread 0x00007ffc36de3800 Uncommon trap: reason=class_check action=maybe_recompile pc=0x0000000107ae3434 method=java.util.HashMap.putVal(ILjava/lang/Object;Ljava/lang/Object;ZZ)Ljava/lang/Object; @ 91
Event: 18.509 Thread 0x00007ffc36de3800 Uncommon trap: reason=unstable_if action=reinterpret pc=0x0000000107f184f8 method=com.sun.org.apache.xerces.internal.impl.XMLEntityScanner.scanQName(Lcom/sun/org/apache/xerces/internal/xni/QName;Lcom/sun/org/apache/xerces/internal/impl/XMLScanner$NameType
Event: 18.704 Thread 0x00007ffc36de3800 Uncommon trap: reason=speculate_class_check action=maybe_recompile pc=0x000000010802c8c8 method=org.apache.xmlbeans.impl.store.Saver$SaveCur.isText()Z @ 1
Event: 18.705 Thread 0x00007ffc36de3800 Uncommon trap: reason=speculate_class_check action=maybe_recompile pc=0x000000010802c8c8 method=org.apache.xmlbeans.impl.store.Saver$SaveCur.isText()Z @ 1
Event: 18.705 Thread 0x00007ffc36de3800 Uncommon trap: reason=speculate_class_check action=maybe_recompile pc=0x000000010802c8c8 method=org.apache.xmlbeans.impl.store.Saver$SaveCur.isText()Z @ 1
Event: 18.705 Thread 0x00007ffc36de3800 Uncommon trap: reason=speculate_class_check action=maybe_recompile pc=0x000000010802c8c8 method=org.apache.xmlbeans.impl.store.Saver$SaveCur.isText()Z @ 1
Event: 19.711 Thread 0x00007ffc36de3800 Uncommon trap: reason=unstable_if action=reinterpret pc=0x0000000107e579e8 method=org.apache.xmlbeans.impl.values.XmlObjectBase.has_store()Z @ 7
Event: 20.314 Thread 0x00007ffc36de3800 Uncommon trap: reason=class_check action=maybe_recompile pc=0x0000000108047478 method=org.apache.xmlbeans.impl.store.CharUtil.getString(Ljava/lang/Object;II)Ljava/lang/String; @ 55

Internal exceptions (10 events):
Event: 15.628 Thread 0x00007ffc36de3800 Exception <a 'java/security/PrivilegedActionException'> (0x000000076cfeb0a0) thrown at [/Users/java_re/workspace/8-2-build-macosx-x86_64/jdk8u102/7268/hotspot/src/share/vm/prims/jvm.cpp, line 1386]
Event: 15.628 Thread 0x00007ffc36de3800 Exception <a 'java/security/PrivilegedActionException'> (0x000000076cfeb498) thrown at [/Users/java_re/workspace/8-2-build-macosx-x86_64/jdk8u102/7268/hotspot/src/share/vm/prims/jvm.cpp, line 1386]
Event: 15.629 Thread 0x00007ffc36de3800 Exception <a 'java/security/PrivilegedActionException'> (0x000000076cff3848) thrown at [/Users/java_re/workspace/8-2-build-macosx-x86_64/jdk8u102/7268/hotspot/src/share/vm/prims/jvm.cpp, line 1386]
Event: 15.629 Thread 0x00007ffc36de3800 Exception <a 'java/security/PrivilegedActionException'> (0x000000076cff3c40) thrown at [/Users/java_re/workspace/8-2-build-macosx-x86_64/jdk8u102/7268/hotspot/src/share/vm/prims/jvm.cpp, line 1386]
Event: 15.629 Thread 0x00007ffc36de3800 Exception <a 'java/security/PrivilegedActionException'> (0x000000076cffbf58) thrown at [/Users/java_re/workspace/8-2-build-macosx-x86_64/jdk8u102/7268/hotspot/src/share/vm/prims/jvm.cpp, line 1386]
Event: 15.629 Thread 0x00007ffc36de3800 Exception <a 'java/security/PrivilegedActionException'> (0x000000076cffc350) thrown at [/Users/java_re/workspace/8-2-build-macosx-x86_64/jdk8u102/7268/hotspot/src/share/vm/prims/jvm.cpp, line 1386]
Event: 15.630 Thread 0x00007ffc36de3800 Exception <a 'java/security/PrivilegedActionException'> (0x000000076d004920) thrown at [/Users/java_re/workspace/8-2-build-macosx-x86_64/jdk8u102/7268/hotspot/src/share/vm/prims/jvm.cpp, line 1386]
Event: 15.630 Thread 0x00007ffc36de3800 Exception <a 'java/security/PrivilegedActionException'> (0x000000076d004d18) thrown at [/Users/java_re/workspace/8-2-build-macosx-x86_64/jdk8u102/7268/hotspot/src/share/vm/prims/jvm.cpp, line 1386]
Event: 16.825 Thread 0x00007ffc3585d000 Exception <a 'java/lang/NullPointerException'> (0x000000076ad05ee8) thrown at [/Users/java_re/workspace/8-2-build-macosx-x86_64/jdk8u102/7268/hotspot/src/share/vm/interpreter/linkResolver.cpp, line 1178]
Event: 16.829 Thread 0x00007ffc3585d000 Exception <a 'java/lang/NullPointerException'> (0x000000076ad06178) thrown at [/Users/java_re/workspace/8-2-build-macosx-x86_64/jdk8u102/7268/hotspot/src/share/vm/interpreter/linkResolver.cpp, line 1178]

Events (10 events):
Event: 20.088 Executing VM operation: RevokeBias done
Event: 20.088 loading class java/util/Collections$SynchronizedRandomAccessList
Event: 20.088 loading class java/util/Collections$SynchronizedList
Event: 20.088 loading class java/util/Collections$SynchronizedList done
Event: 20.088 loading class java/util/Collections$SynchronizedRandomAccessList done
Event: 20.312 loading class org/apache/xmlbeans/impl/store/CharUtil$CharJoin
Event: 20.312 loading class org/apache/xmlbeans/impl/store/CharUtil$CharJoin done
Event: 20.314 Thread 0x00007ffc36de3800 Uncommon trap: trap_request=0xffffffde fr.pc=0x0000000108047478
Event: 20.314 Thread 0x00007ffc36de3800 DEOPT PACKING pc=0x0000000108047478 sp=0x000070000c1bdc70
Event: 20.314 Thread 0x00007ffc36de3800 DEOPT UNPACKING pc=0x000000010777a229 sp=0x000070000c1bdc38 mode 2


Dynamic libraries:
0x0000000002f83000 	/System/Library/Frameworks/Cocoa.framework/Versions/A/Cocoa
0x0000000002f83000 	/System/Library/Frameworks/Security.framework/Versions/A/Security
0x0000000002f83000 	/System/Library/Frameworks/ApplicationServices.framework/Versions/A/ApplicationServices
0x0000000002f83000 	/usr/lib/libz.1.dylib
0x0000000002f83000 	/usr/lib/libSystem.B.dylib
0x0000000002f83000 	/usr/lib/libobjc.A.dylib
0x0000000002f83000 	/System/Library/Frameworks/CoreFoundation.framework/Versions/A/CoreFoundation
0x0000000002f83000 	/System/Library/Frameworks/Foundation.framework/Versions/C/Foundation
0x0000000002f83000 	/System/Library/Frameworks/AppKit.framework/Versions/C/AppKit
0x0000000002f83000 	/System/Library/Frameworks/CoreData.framework/Versions/A/CoreData
0x0000000002f83000 	/System/Library/PrivateFrameworks/RemoteViewServices.framework/Versions/A/RemoteViewServices
0x0000000002f83000 	/System/Library/PrivateFrameworks/UIFoundation.framework/Versions/A/UIFoundation
0x0000000002f83000 	/System/Library/PrivateFrameworks/DFRFoundation.framework/Versions/A/DFRFoundation
0x0000000002f83000 	/usr/lib/libenergytrace.dylib
0x0000000002f83000 	/System/Library/PrivateFrameworks/SkyLight.framework/Versions/A/SkyLight
0x0000000002f83000 	/System/Library/Frameworks/CoreGraphics.framework/Versions/A/CoreGraphics
0x0000000002f83000 	/usr/lib/libScreenReader.dylib
0x0000000002f83000 	/System/Library/Frameworks/Accelerate.framework/Versions/A/Accelerate
0x0000000002f83000 	/System/Library/Frameworks/IOSurface.framework/Versions/A/IOSurface
0x0000000002f83000 	/System/Library/Frameworks/AudioToolbox.framework/Versions/A/AudioToolbox
0x0000000002f83000 	/System/Library/Frameworks/AudioUnit.framework/Versions/A/AudioUnit
0x0000000002f83000 	/System/Library/PrivateFrameworks/DataDetectorsCore.framework/Versions/A/DataDetectorsCore
0x0000000002f83000 	/System/Library/PrivateFrameworks/DesktopServicesPriv.framework/Versions/A/DesktopServicesPriv
0x0000000002f83000 	/System/Library/Frameworks/Carbon.framework/Versions/A/Frameworks/HIToolbox.framework/Versions/A/HIToolbox
0x0000000002f83000 	/usr/lib/libicucore.A.dylib
0x0000000002f83000 	/System/Library/Frameworks/QuartzCore.framework/Versions/A/QuartzCore
0x0000000002f83000 	/System/Library/Frameworks/Carbon.framework/Versions/A/Frameworks/SpeechRecognition.framework/Versions/A/SpeechRecognition
0x0000000002f83000 	/usr/lib/libauto.dylib
0x0000000002f83000 	/usr/lib/libxml2.2.dylib
0x0000000002f83000 	/System/Library/PrivateFrameworks/CoreUI.framework/Versions/A/CoreUI
0x0000000002f83000 	/System/Library/Frameworks/CoreAudio.framework/Versions/A/CoreAudio
0x0000000002f83000 	/System/Library/Frameworks/DiskArbitration.framework/Versions/A/DiskArbitration
0x0000000002f83000 	/usr/lib/liblangid.dylib
0x0000000002f83000 	/System/Library/PrivateFrameworks/MultitouchSupport.framework/Versions/A/MultitouchSupport
0x0000000002f83000 	/System/Library/Frameworks/IOKit.framework/Versions/A/IOKit
0x0000000002f83000 	/usr/lib/libDiagnosticMessagesClient.dylib
0x0000000002f83000 	/System/Library/Frameworks/CoreServices.framework/Versions/A/CoreServices
0x0000000002f83000 	/System/Library/PrivateFrameworks/PerformanceAnalysis.framework/Versions/A/PerformanceAnalysis
0x0000000002f83000 	/System/Library/PrivateFrameworks/GenerationalStorage.framework/Versions/A/GenerationalStorage
0x0000000002f83000 	/System/Library/Frameworks/OpenGL.framework/Versions/A/OpenGL
0x0000000002f83000 	/System/Library/Frameworks/CoreImage.framework/Versions/A/CoreImage
0x0000000002f83000 	/System/Library/Frameworks/CoreText.framework/Versions/A/CoreText
0x0000000002f83000 	/System/Library/Frameworks/ImageIO.framework/Versions/A/ImageIO
0x0000000002f83000 	/System/Library/PrivateFrameworks/Backup.framework/Versions/A/Backup
0x0000000002f83000 	/usr/lib/libarchive.2.dylib
0x0000000002f83000 	/System/Library/Frameworks/CFNetwork.framework/Versions/A/CFNetwork
0x0000000002f83000 	/System/Library/Frameworks/SystemConfiguration.framework/Versions/A/SystemConfiguration
0x0000000002f83000 	/usr/lib/libCRFSuite.dylib
0x0000000002f83000 	/usr/lib/libc++.1.dylib
0x0000000002f83000 	/usr/lib/libc++abi.dylib
0x0000000002f83000 	/usr/lib/system/libcache.dylib
0x0000000002f83000 	/usr/lib/system/libcommonCrypto.dylib
0x0000000002f83000 	/usr/lib/system/libcompiler_rt.dylib
0x0000000002f83000 	/usr/lib/system/libcopyfile.dylib
0x0000000002f83000 	/usr/lib/system/libcorecrypto.dylib
0x0000000002f83000 	/usr/lib/system/libdispatch.dylib
0x0000000002f83000 	/usr/lib/system/libdyld.dylib
0x0000000002f83000 	/usr/lib/system/libkeymgr.dylib
0x0000000002f83000 	/usr/lib/system/liblaunch.dylib
0x0000000002f83000 	/usr/lib/system/libmacho.dylib
0x0000000002f83000 	/usr/lib/system/libquarantine.dylib
0x0000000002f83000 	/usr/lib/system/libremovefile.dylib
0x0000000002f83000 	/usr/lib/system/libsystem_asl.dylib
0x0000000002f83000 	/usr/lib/system/libsystem_blocks.dylib
0x0000000002f83000 	/usr/lib/system/libsystem_c.dylib
0x0000000002f83000 	/usr/lib/system/libsystem_configuration.dylib
0x0000000002f83000 	/usr/lib/system/libsystem_coreservices.dylib
0x0000000002f83000 	/usr/lib/system/libsystem_coretls.dylib
0x0000000002f83000 	/usr/lib/system/libsystem_dnssd.dylib
0x0000000002f83000 	/usr/lib/system/libsystem_info.dylib
0x0000000002f83000 	/usr/lib/system/libsystem_kernel.dylib
0x0000000002f83000 	/usr/lib/system/libsystem_m.dylib
0x0000000002f83000 	/usr/lib/system/libsystem_malloc.dylib
0x0000000002f83000 	/usr/lib/system/libsystem_network.dylib
0x0000000002f83000 	/usr/lib/system/libsystem_networkextension.dylib
0x0000000002f83000 	/usr/lib/system/libsystem_notify.dylib
0x0000000002f83000 	/usr/lib/system/libsystem_platform.dylib
0x0000000002f83000 	/usr/lib/system/libsystem_pthread.dylib
0x0000000002f83000 	/usr/lib/system/libsystem_sandbox.dylib
0x0000000002f83000 	/usr/lib/system/libsystem_secinit.dylib
0x0000000002f83000 	/usr/lib/system/libsystem_symptoms.dylib
0x0000000002f83000 	/usr/lib/system/libsystem_trace.dylib
0x0000000002f83000 	/usr/lib/system/libunwind.dylib
0x0000000002f83000 	/usr/lib/system/libxpc.dylib
0x0000000002f83000 	/usr/lib/libbsm.0.dylib
0x0000000002f83000 	/usr/lib/system/libkxld.dylib
0x0000000002f83000 	/usr/lib/libcoretls.dylib
0x0000000002f83000 	/usr/lib/libcoretls_cfhelpers.dylib
0x0000000002f83000 	/usr/lib/libOpenScriptingUtil.dylib
0x0000000002f83000 	/usr/lib/libpam.2.dylib
0x0000000002f83000 	/usr/lib/libsqlite3.dylib
0x0000000002f83000 	/usr/lib/libxar.1.dylib
0x0000000002f83000 	/usr/lib/libbz2.1.0.dylib
0x0000000002f83000 	/usr/lib/liblzma.5.dylib
0x0000000002f83000 	/usr/lib/libnetwork.dylib
0x0000000002f83000 	/usr/lib/libpcap.A.dylib
0x0000000002f83000 	/System/Library/Frameworks/CoreServices.framework/Versions/A/Frameworks/FSEvents.framework/Versions/A/FSEvents
0x0000000002f83000 	/System/Library/Frameworks/CoreServices.framework/Versions/A/Frameworks/CarbonCore.framework/Versions/A/CarbonCore
0x0000000002f83000 	/System/Library/Frameworks/CoreServices.framework/Versions/A/Frameworks/Metadata.framework/Versions/A/Metadata
0x0000000002f83000 	/System/Library/Frameworks/CoreServices.framework/Versions/A/Frameworks/OSServices.framework/Versions/A/OSServices
0x0000000002f83000 	/System/Library/Frameworks/CoreServices.framework/Versions/A/Frameworks/SearchKit.framework/Versions/A/SearchKit
0x0000000002f83000 	/System/Library/Frameworks/CoreServices.framework/Versions/A/Frameworks/AE.framework/Versions/A/AE
0x0000000002f83000 	/System/Library/Frameworks/CoreServices.framework/Versions/A/Frameworks/LaunchServices.framework/Versions/A/LaunchServices
0x0000000002f83000 	/System/Library/Frameworks/CoreServices.framework/Versions/A/Frameworks/DictionaryServices.framework/Versions/A/DictionaryServices
0x0000000002f83000 	/System/Library/Frameworks/CoreServices.framework/Versions/A/Frameworks/SharedFileList.framework/Versions/A/SharedFileList
0x0000000002f83000 	/System/Library/Frameworks/NetFS.framework/Versions/A/NetFS
0x0000000002f83000 	/System/Library/PrivateFrameworks/NetAuth.framework/Versions/A/NetAuth
0x0000000002f83000 	/System/Library/PrivateFrameworks/login.framework/Versions/A/Frameworks/loginsupport.framework/Versions/A/loginsupport
0x0000000002f83000 	/System/Library/PrivateFrameworks/TCC.framework/Versions/A/TCC
0x0000000002f83000 	/usr/lib/libmecabra.dylib
0x0000000002f83000 	/System/Library/Frameworks/ApplicationServices.framework/Versions/A/Frameworks/ATS.framework/Versions/A/ATS
0x0000000002f83000 	/System/Library/Frameworks/ApplicationServices.framework/Versions/A/Frameworks/ColorSync.framework/Versions/A/ColorSync
0x0000000002f83000 	/System/Library/Frameworks/ApplicationServices.framework/Versions/A/Frameworks/HIServices.framework/Versions/A/HIServices
0x0000000002f83000 	/System/Library/Frameworks/ApplicationServices.framework/Versions/A/Frameworks/LangAnalysis.framework/Versions/A/LangAnalysis
0x0000000002f83000 	/System/Library/Frameworks/ApplicationServices.framework/Versions/A/Frameworks/PrintCore.framework/Versions/A/PrintCore
0x0000000002f83000 	/System/Library/Frameworks/ApplicationServices.framework/Versions/A/Frameworks/QD.framework/Versions/A/QD
0x0000000002f83000 	/System/Library/Frameworks/ApplicationServices.framework/Versions/A/Frameworks/SpeechSynthesis.framework/Versions/A/SpeechSynthesis
0x0000000002f83000 	/System/Library/Frameworks/Accelerate.framework/Versions/A/Frameworks/vImage.framework/Versions/A/vImage
0x0000000002f83000 	/System/Library/Frameworks/Accelerate.framework/Versions/A/Frameworks/vecLib.framework/Versions/A/vecLib
0x0000000002f83000 	/System/Library/Frameworks/Accelerate.framework/Versions/A/Frameworks/vecLib.framework/Versions/A/libvDSP.dylib
0x0000000002f83000 	/System/Library/Frameworks/Accelerate.framework/Versions/A/Frameworks/vecLib.framework/Versions/A/libBNNS.dylib
0x0000000002f83000 	/System/Library/Frameworks/Accelerate.framework/Versions/A/Frameworks/vecLib.framework/Versions/A/libQuadrature.dylib
0x0000000002f83000 	/System/Library/Frameworks/Accelerate.framework/Versions/A/Frameworks/vecLib.framework/Versions/A/libvMisc.dylib
0x0000000002f83000 	/System/Library/Frameworks/Accelerate.framework/Versions/A/Frameworks/vecLib.framework/Versions/A/libLAPACK.dylib
0x0000000002f83000 	/System/Library/Frameworks/Accelerate.framework/Versions/A/Frameworks/vecLib.framework/Versions/A/libBLAS.dylib
0x0000000002f83000 	/System/Library/Frameworks/Accelerate.framework/Versions/A/Frameworks/vecLib.framework/Versions/A/libLinearAlgebra.dylib
0x0000000002f83000 	/System/Library/Frameworks/Accelerate.framework/Versions/A/Frameworks/vecLib.framework/Versions/A/libSparseBLAS.dylib
0x0000000002f83000 	/System/Library/Frameworks/ApplicationServices.framework/Versions/A/Frameworks/ATS.framework/Versions/A/Resources/libFontParser.dylib
0x0000000002f83000 	/System/Library/Frameworks/ApplicationServices.framework/Versions/A/Frameworks/ATS.framework/Versions/A/Resources/libFontRegistry.dylib
0x0000000002f83000 	/System/Library/Frameworks/ImageIO.framework/Versions/A/Resources/libJPEG.dylib
0x0000000002f83000 	/System/Library/Frameworks/ImageIO.framework/Versions/A/Resources/libTIFF.dylib
0x0000000002f83000 	/System/Library/Frameworks/ImageIO.framework/Versions/A/Resources/libPng.dylib
0x0000000002f83000 	/System/Library/Frameworks/ImageIO.framework/Versions/A/Resources/libGIF.dylib
0x0000000002f83000 	/System/Library/Frameworks/ImageIO.framework/Versions/A/Resources/libJP2.dylib
0x0000000002f83000 	/System/Library/Frameworks/ImageIO.framework/Versions/A/Resources/libRadiance.dylib
0x0000000002f83000 	/usr/lib/libcompression.dylib
0x0000000002f83000 	/System/Library/PrivateFrameworks/AppleJPEG.framework/Versions/A/AppleJPEG
0x0000000002f83000 	/usr/lib/libcups.2.dylib
0x0000000002f83000 	/System/Library/Frameworks/Kerberos.framework/Versions/A/Kerberos
0x0000000002f83000 	/System/Library/Frameworks/GSS.framework/Versions/A/GSS
0x0000000002f83000 	/usr/lib/libresolv.9.dylib
0x0000000002f83000 	/usr/lib/libiconv.2.dylib
0x0000000002f83000 	/System/Library/PrivateFrameworks/Heimdal.framework/Versions/A/Heimdal
0x0000000002f83000 	/usr/lib/libheimdal-asn1.dylib
0x0000000002f83000 	/System/Library/Frameworks/OpenDirectory.framework/Versions/A/OpenDirectory
0x0000000002f83000 	/System/Library/PrivateFrameworks/CommonAuth.framework/Versions/A/CommonAuth
0x0000000002f83000 	/System/Library/Frameworks/OpenDirectory.framework/Versions/A/Frameworks/CFOpenDirectory.framework/Versions/A/CFOpenDirectory
0x0000000002f83000 	/System/Library/Frameworks/SecurityFoundation.framework/Versions/A/SecurityFoundation
0x0000000002f83000 	/System/Library/PrivateFrameworks/LanguageModeling.framework/Versions/A/LanguageModeling
0x0000000002f83000 	/usr/lib/libmarisa.dylib
0x0000000002f83000 	/usr/lib/libChineseTokenizer.dylib
0x0000000002f83000 	/usr/lib/libcmph.dylib
0x0000000002f83000 	/System/Library/PrivateFrameworks/CoreEmoji.framework/Versions/A/CoreEmoji
0x0000000002f83000 	/System/Library/Frameworks/ServiceManagement.framework/Versions/A/ServiceManagement
0x0000000002f83000 	/usr/lib/libxslt.1.dylib
0x0000000002f83000 	/System/Library/Frameworks/Carbon.framework/Versions/A/Frameworks/Ink.framework/Versions/A/Ink
0x0000000002f83000 	/System/Library/PrivateFrameworks/TextureIO.framework/Versions/A/TextureIO
0x0000000002f83000 	/System/Library/Frameworks/Metal.framework/Versions/A/Metal
0x0000000002f83000 	/usr/lib/libate.dylib
0x0000000002f83000 	/System/Library/PrivateFrameworks/GPUCompiler.framework/libmetal_timestamp.dylib
0x0000000002f83000 	/System/Library/Frameworks/OpenGL.framework/Versions/A/Libraries/libCoreFSCache.dylib
0x0000000002f83000 	/System/Library/PrivateFrameworks/IOAccelerator.framework/Versions/A/IOAccelerator
0x0000000002f83000 	/System/Library/Frameworks/CoreVideo.framework/Versions/A/CoreVideo
0x0000000002f83000 	/usr/lib/libFosl_dynamic.dylib
0x0000000002f83000 	/System/Library/PrivateFrameworks/MetalPerformanceShaders.framework/Versions/A/MetalPerformanceShaders
0x0000000002f83000 	/System/Library/PrivateFrameworks/FaceCore.framework/Versions/A/FaceCore
0x0000000002f83000 	/System/Library/Frameworks/OpenCL.framework/Versions/A/OpenCL
0x0000000002f83000 	/System/Library/Frameworks/OpenGL.framework/Versions/A/Libraries/libGLU.dylib
0x0000000002f83000 	/System/Library/Frameworks/OpenGL.framework/Versions/A/Libraries/libGFXShared.dylib
0x0000000002f83000 	/System/Library/Frameworks/OpenGL.framework/Versions/A/Libraries/libGL.dylib
0x0000000002f83000 	/System/Library/Frameworks/OpenGL.framework/Versions/A/Libraries/libGLImage.dylib
0x0000000002f83000 	/System/Library/Frameworks/OpenGL.framework/Versions/A/Libraries/libCVMSPluginSupport.dylib
0x0000000002f83000 	/System/Library/Frameworks/OpenGL.framework/Versions/A/Libraries/libCoreVMClient.dylib
0x0000000002f83000 	/System/Library/PrivateFrameworks/CrashReporterSupport.framework/Versions/A/CrashReporterSupport
0x0000000002f83000 	/System/Library/PrivateFrameworks/Sharing.framework/Versions/A/Sharing
0x0000000002f83000 	/System/Library/PrivateFrameworks/IconServices.framework/Versions/A/IconServices
0x0000000002f83000 	/System/Library/PrivateFrameworks/ProtocolBuffer.framework/Versions/A/ProtocolBuffer
0x0000000002f83000 	/System/Library/PrivateFrameworks/Apple80211.framework/Versions/A/Apple80211
0x0000000002f83000 	/System/Library/Frameworks/CoreWLAN.framework/Versions/A/CoreWLAN
0x0000000002f83000 	/System/Library/PrivateFrameworks/CoreUtils.framework/Versions/A/CoreUtils
0x0000000002f83000 	/System/Library/Frameworks/IOBluetooth.framework/Versions/A/IOBluetooth
0x0000000002f83000 	/System/Library/PrivateFrameworks/CoreWiFi.framework/Versions/A/CoreWiFi
0x0000000002f83000 	/System/Library/Frameworks/CoreBluetooth.framework/Versions/A/CoreBluetooth
0x0000000002f83000 	/System/Library/Frameworks/CoreDisplay.framework/Versions/A/CoreDisplay
0x0000000002f83000 	/System/Library/PrivateFrameworks/IOPresentment.framework/Versions/A/IOPresentment
0x0000000002f83000 	/System/Library/PrivateFrameworks/DSExternalDisplay.framework/Versions/A/DSExternalDisplay
0x0000000002f83000 	/System/Library/PrivateFrameworks/DebugSymbols.framework/Versions/A/DebugSymbols
0x0000000002f83000 	/System/Library/PrivateFrameworks/CoreSymbolication.framework/Versions/A/CoreSymbolication
0x0000000002f83000 	/System/Library/PrivateFrameworks/Symbolication.framework/Versions/A/Symbolication
0x0000000002f83000 	/System/Library/PrivateFrameworks/AppleFSCompression.framework/Versions/A/AppleFSCompression
0x0000000002f83000 	/System/Library/PrivateFrameworks/SpeechRecognitionCore.framework/Versions/A/SpeechRecognitionCore
0x0000000002f83000 	/System/Library/PrivateFrameworks/ChunkingLibrary.framework/Versions/A/ChunkingLibrary
0x0000000105200000 	/Library/Java/JavaVirtualMachines/jdk1.8.0_102.jdk/Contents/Home/jre/lib/server/libjvm.dylib
0x0000000002f83000 	/usr/lib/libstdc++.6.dylib
0x0000000104910000 	/Library/Java/JavaVirtualMachines/jdk1.8.0_102.jdk/Contents/Home/jre/lib/libverify.dylib
0x000000010491e000 	/Library/Java/JavaVirtualMachines/jdk1.8.0_102.jdk/Contents/Home/jre/lib/libjava.dylib
0x000000010495d000 	/Library/Java/JavaVirtualMachines/jdk1.8.0_102.jdk/Contents/Home/jre/lib/libzip.dylib
0x00000001205d5000 	/System/Library/Frameworks/JavaVM.framework/Frameworks/JavaRuntimeSupport.framework/JavaRuntimeSupport
0x00000001205ef000 	/System/Library/Frameworks/JavaVM.framework/Versions/A/Frameworks/JavaNativeFoundation.framework/Versions/A/JavaNativeFoundation
0x0000000120604000 	/System/Library/Frameworks/JavaVM.framework/Versions/A/JavaVM
0x0000000002f83000 	/System/Library/Frameworks/Carbon.framework/Versions/A/Carbon
0x0000000120611000 	/System/Library/PrivateFrameworks/JavaLaunching.framework/Versions/A/JavaLaunching
0x0000000002f83000 	/System/Library/Frameworks/Carbon.framework/Versions/A/Frameworks/CommonPanels.framework/Versions/A/CommonPanels
0x0000000002f83000 	/System/Library/Frameworks/Carbon.framework/Versions/A/Frameworks/Help.framework/Versions/A/Help
0x0000000002f83000 	/System/Library/Frameworks/Carbon.framework/Versions/A/Frameworks/ImageCapture.framework/Versions/A/ImageCapture
0x0000000002f83000 	/System/Library/Frameworks/Carbon.framework/Versions/A/Frameworks/OpenScripting.framework/Versions/A/OpenScripting
0x0000000002f83000 	/System/Library/Frameworks/Carbon.framework/Versions/A/Frameworks/Print.framework/Versions/A/Print
0x0000000002f83000 	/System/Library/Frameworks/Carbon.framework/Versions/A/Frameworks/SecurityHI.framework/Versions/A/SecurityHI
0x0000000121f50000 	/Library/Java/JavaVirtualMachines/jdk1.8.0_102.jdk/Contents/Home/jre/lib/libawt.dylib
0x0000000121ff8000 	/Library/Java/JavaVirtualMachines/jdk1.8.0_102.jdk/Contents/Home/jre/lib/./libmlib_image.dylib
0x00000001220c4000 	/Library/Java/JavaVirtualMachines/jdk1.8.0_102.jdk/Contents/Home/jre/lib/libawt_lwawt.dylib
0x0000000122179000 	/Library/Java/JavaVirtualMachines/jdk1.8.0_102.jdk/Contents/Home/jre/lib/./libosxapp.dylib
0x0000000002f83000 	/System/Library/Frameworks/ExceptionHandling.framework/Versions/A/ExceptionHandling
0x0000000002f83000 	/System/Library/PrivateFrameworks/CoreServicesInternal.framework/Versions/A/CoreServicesInternal
0x0000000002f83000 	/System/Library/CoreServices/RawCamera.bundle/Contents/MacOS/RawCamera
0x0000000002f83000 	/System/Library/Frameworks/Accelerate.framework/Versions/A/Frameworks/vImage.framework/Versions/A/Libraries/libCGInterfaces.dylib
0x0000000002f83000 	/System/Library/Frameworks/ApplicationServices.framework/Versions/A/Frameworks/ATS.framework/Versions/A/Resources/libTrueTypeScaler.dylib
0x0000000002f83000 	/System/Library/Frameworks/OpenGL.framework/Versions/A/Resources/GLEngine.bundle/GLEngine
0x0000000002f83000 	/System/Library/Frameworks/OpenGL.framework/Versions/A/Libraries/libGLProgrammability.dylib
0x00000001247ca000 	/System/Library/Extensions/AppleIntelHD3000GraphicsGLDriver.bundle/Contents/MacOS/AppleIntelHD3000GraphicsGLDriver
0x0000000002f83000 	/System/Library/PrivateFrameworks/GPUSupport.framework/Versions/A/Libraries/libGPUSupport.dylib
0x0000000002f83000 	/System/Library/Frameworks/OpenGL.framework/Versions/A/Resources/GLRendererFloat.bundle/GLRendererFloat
0x0000000002f83000 	/System/Library/Frameworks/OpenCL.framework/Versions/A/Libraries/libcldcpuengine.dylib
0x0000000002f83000 	/usr/lib/libcrypto.0.9.8.dylib
0x0000000002f83000 	/System/Library/PrivateFrameworks/TrustEvaluationAgent.framework/Versions/A/TrustEvaluationAgent
0x0000000002f83000 	/System/Library/PrivateFrameworks/FamilyControls.framework/Versions/A/FamilyControls
0x0000000002f83000 	/System/Library/PrivateFrameworks/CommerceKit.framework/Versions/A/Frameworks/CommerceCore.framework/Versions/A/CommerceCore
0x0000000002f83000 	/System/Library/PrivateFrameworks/SystemAdministration.framework/Versions/A/SystemAdministration
0x0000000002f83000 	/System/Library/PrivateFrameworks/AppContainer.framework/Versions/A/AppContainer
0x0000000002f83000 	/System/Library/PrivateFrameworks/SecCodeWrapper.framework/Versions/A/SecCodeWrapper
0x0000000002f83000 	/System/Library/Frameworks/DirectoryService.framework/Versions/A/DirectoryService
0x0000000002f83000 	/System/Library/PrivateFrameworks/DiskImages.framework/Versions/A/DiskImages
0x0000000002f83000 	/System/Library/PrivateFrameworks/LoginUIKit.framework/Versions/A/Frameworks/LoginUICore.framework/Versions/A/LoginUICore
0x0000000002f83000 	/usr/lib/libCoreStorage.dylib
0x0000000002f83000 	/usr/lib/libcsfde.dylib
0x0000000002f83000 	/usr/lib/libodfde.dylib
0x0000000002f83000 	/System/Library/Frameworks/DiscRecording.framework/Versions/A/DiscRecording
0x0000000002f83000 	/usr/lib/libcurl.4.dylib
0x0000000002f83000 	/System/Library/PrivateFrameworks/MediaKit.framework/Versions/A/MediaKit
0x0000000002f83000 	/System/Library/PrivateFrameworks/ProtectedCloudStorage.framework/Versions/A/ProtectedCloudStorage
0x0000000002f83000 	/System/Library/PrivateFrameworks/EFILogin.framework/Versions/A/EFILogin
0x0000000002f83000 	/usr/lib/libutil.dylib
0x0000000002f83000 	/System/Library/Frameworks/LDAP.framework/Versions/A/LDAP
0x0000000002f83000 	/usr/lib/libsasl2.2.dylib
0x0000000002f83000 	/System/Library/PrivateFrameworks/CoreDaemon.framework/Versions/B/CoreDaemon
0x0000000002f83000 	/System/Library/PrivateFrameworks/AppleSRP.framework/Versions/A/AppleSRP
0x0000000002f83000 	/System/Library/PrivateFrameworks/APFS.framework/Versions/A/APFS
0x0000000126814000 	/Library/Java/JavaVirtualMachines/jdk1.8.0_102.jdk/Contents/Home/jre/lib/libfontmanager.dylib
0x000000012687b000 	/Library/Java/JavaVirtualMachines/jdk1.8.0_102.jdk/Contents/Home/jre/lib/libosxui.dylib
0x0000000002f83000 	/System/Library/PrivateFrameworks/ViewBridge.framework/Versions/A/ViewBridge
0x0000000002f83000 	/System/Library/PrivateFrameworks/XPCService.framework/Versions/A/XPCService
0x0000000002f83000 	/System/Library/PrivateFrameworks/AppSandbox.framework/Versions/A/AppSandbox
0x0000000002f83000 	/usr/lib/libsandbox.1.dylib
0x0000000002f83000 	/usr/lib/libMatch.1.dylib
0x000000012878b000 	/Library/Java/JavaVirtualMachines/jdk1.8.0_102.jdk/Contents/Home/jre/lib/libnet.dylib
0x00000001287e4000 	/Library/Java/JavaVirtualMachines/jdk1.8.0_102.jdk/Contents/Home/jre/lib/libnio.dylib
0x0000000002f83000 	/System/Library/PrivateFrameworks/FinderKit.framework/Versions/A/FinderKit
0x0000000002f83000 	/System/Library/Frameworks/Quartz.framework/Versions/A/Frameworks/QuickLookUI.framework/Versions/A/QuickLookUI
0x0000000002f83000 	/System/Library/Frameworks/Quartz.framework/Versions/A/Frameworks/ImageKit.framework/Versions/A/ImageKit
0x0000000002f83000 	/System/Library/PrivateFrameworks/Bom.framework/Versions/A/Bom
0x0000000002f83000 	/System/Library/Frameworks/QuickLook.framework/Versions/A/QuickLook
0x0000000002f83000 	/System/Library/PrivateFrameworks/Suggestions.framework/Versions/A/Suggestions
0x0000000002f83000 	/System/Library/PrivateFrameworks/AppleSystemInfo.framework/Versions/A/AppleSystemInfo
0x0000000002f83000 	/System/Library/Frameworks/ImageCaptureCore.framework/Versions/A/ImageCaptureCore
0x0000000002f83000 	/System/Library/Frameworks/SafariServices.framework/Versions/A/SafariServices
0x0000000002f83000 	/System/Library/Frameworks/QTKit.framework/Versions/A/QTKit
0x0000000002f83000 	/System/Library/PrivateFrameworks/MobileKeyBag.framework/Versions/A/MobileKeyBag
0x0000000002f83000 	/System/Library/Frameworks/AVFoundation.framework/Versions/A/AVFoundation
0x0000000002f83000 	/System/Library/Frameworks/CoreMedia.framework/Versions/A/CoreMedia
0x0000000002f83000 	/System/Library/Frameworks/MediaToolbox.framework/Versions/A/MediaToolbox
0x0000000002f83000 	/System/Library/Frameworks/VideoToolbox.framework/Versions/A/VideoToolbox
0x0000000002f83000 	/System/Library/PrivateFrameworks/CoreMediaAuthoring.framework/Versions/A/CoreMediaAuthoring
0x0000000002f83000 	/System/Library/Frameworks/CoreMediaIO.framework/Versions/A/CoreMediaIO
0x0000000002f83000 	/System/Library/Frameworks/AVFoundation.framework/Versions/A/Frameworks/AVFAudio.framework/Versions/A/AVFAudio
0x0000000002f83000 	/System/Library/PrivateFrameworks/IntlPreferences.framework/Versions/A/IntlPreferences
0x0000000002f83000 	/usr/lib/libspindump.dylib
0x0000000002f83000 	/usr/lib/libdscsym.dylib
0x0000000002f83000 	/System/Library/PrivateFrameworks/CoreAVCHD.framework/Versions/A/CoreAVCHD
0x0000000002f83000 	/System/Library/Frameworks/MediaAccessibility.framework/Versions/A/MediaAccessibility
0x0000000002f83000 	/System/Library/PrivateFrameworks/Mangrove.framework/Versions/A/Mangrove
0x0000000002f83000 	/System/Library/PrivateFrameworks/CoreAUC.framework/Versions/A/CoreAUC
0x0000000002f83000 	/System/Library/PrivateFrameworks/AppleVA.framework/Versions/A/AppleVA
0x0000000002f83000 	/System/Library/PrivateFrameworks/QuickLookThumbnailing.framework/Versions/A/QuickLookThumbnailing
0x0000000002f83000 	/System/Library/PrivateFrameworks/DisplayServices.framework/Versions/A/DisplayServices
0x0000000002f83000 	/System/Library/Frameworks/Quartz.framework/Versions/A/Frameworks/PDFKit.framework/Versions/A/PDFKit
0x0000000002f83000 	/System/Library/Frameworks/Quartz.framework/Versions/A/Frameworks/QuartzComposer.framework/Versions/A/QuartzComposer
0x0000000002f83000 	/System/Library/Frameworks/Quartz.framework/Versions/A/Frameworks/QuartzFilters.framework/Versions/A/QuartzFilters
0x0000000002f83000 	/System/Library/PrivateFrameworks/CorePDF.framework/Versions/A/CorePDF
0x0000000002f83000 	/System/Library/Frameworks/JavaScriptCore.framework/Versions/A/JavaScriptCore
0x0000000002f83000 	/System/Library/Frameworks/AddressBook.framework/Versions/A/AddressBook
0x0000000002f83000 	/System/Library/PrivateFrameworks/ContactsPersistence.framework/Versions/A/ContactsPersistence
0x0000000002f83000 	/System/Library/PrivateFrameworks/CalendarAgentLink.framework/Versions/A/CalendarAgentLink
0x0000000002f83000 	/System/Library/PrivateFrameworks/ContactsFoundation.framework/Versions/A/ContactsFoundation
0x0000000002f83000 	/System/Library/PrivateFrameworks/vCard.framework/Versions/A/vCard
0x0000000002f83000 	/System/Library/PrivateFrameworks/ToneLibrary.framework/Versions/A/ToneLibrary
0x0000000002f83000 	/System/Library/PrivateFrameworks/ToneKit.framework/Versions/A/ToneKit
0x0000000002f83000 	/System/Library/PrivateFrameworks/ApplePushService.framework/Versions/A/ApplePushService
0x0000000002f83000 	/System/Library/Frameworks/SecurityInterface.framework/Versions/A/SecurityInterface
0x0000000002f83000 	/System/Library/PrivateFrameworks/PhoneNumbers.framework/Versions/A/PhoneNumbers
0x0000000002f83000 	/System/Library/Frameworks/Quartz.framework/Versions/A/Quartz
0x0000000002f83000 	/System/Library/Frameworks/Accounts.framework/Versions/A/Accounts
0x0000000002f83000 	/System/Library/PrivateFrameworks/OAuth.framework/Versions/A/OAuth
0x0000000002f83000 	/System/Library/PrivateFrameworks/CacheDelete.framework/Versions/A/CacheDelete
0x0000000002f83000 	/System/Library/PrivateFrameworks/CloudDocs.framework/Versions/A/CloudDocs
0x0000000002f83000 	/System/Library/Frameworks/CloudKit.framework/Versions/A/CloudKit
0x0000000002f83000 	/System/Library/PrivateFrameworks/MMCS.framework/Versions/A/MMCS
0x0000000002f83000 	/System/Library/Frameworks/CoreLocation.framework/Versions/A/CoreLocation
0x0000000002f83000 	/System/Library/PrivateFrameworks/AssetCacheServices.framework/Versions/A/AssetCacheServices
0x0000000002f83000 	/System/Library/PrivateFrameworks/GeoServices.framework/Versions/A/GeoServices
0x0000000002f83000 	/System/Library/PrivateFrameworks/PlugInKit.framework/Versions/A/PlugInKit
0x0000000002f83000 	/System/Library/PrivateFrameworks/iLifeMediaBrowser.framework/Versions/A/iLifeMediaBrowser
0x0000000002f83000 	/System/Library/Frameworks/AVKit.framework/Versions/A/AVKit
0x0000000002f83000 	/System/Library/PrivateFrameworks/MediaRemote.framework/Versions/A/MediaRemote
0x0000000002f83000 	/System/Library/PrivateFrameworks/MediaServices.framework/Versions/A/MediaServices
0x000000016d2c3000 	/System/Library/Frameworks/Security.framework/PlugIns/csparser.bundle/Contents/MacOS/csparser
0x000000016c2aa000 	/System/Library/Frameworks/Quartz.framework/Versions/A/Frameworks/QuickLookUI.framework/Versions/A/PlugIns/Web2.qldisplay/Contents/MacOS/Web2
0x0000000002f83000 	/System/Library/Frameworks/WebKit.framework/Versions/A/WebKit
0x0000000002f83000 	/System/Library/Frameworks/WebKit.framework/Versions/A/Frameworks/WebKitLegacy.framework/Versions/A/WebKitLegacy
0x0000000002f83000 	/System/Library/Frameworks/WebKit.framework/Versions/A/Frameworks/WebCore.framework/Versions/A/WebCore
0x0000000002f83000 	/System/Library/PrivateFrameworks/ShareKit.framework/Versions/A/ShareKit
0x0000000002f83000 	/System/Library/Frameworks/Social.framework/Versions/A/Social
0x0000000002f83000 	/System/Library/PrivateFrameworks/AccountsUI.framework/Versions/A/AccountsUI
0x0000000002f83000 	/System/Library/PrivateFrameworks/AccountsDaemon.framework/Versions/A/AccountsDaemon
0x000000016c92c000 	/System/Library/Frameworks/Quartz.framework/Versions/A/Frameworks/QuickLookUI.framework/Versions/A/PlugIns/Generic.qldisplay/Contents/MacOS/Generic
0x000000016d362000 	/System/Library/PrivateFrameworks/Lookup.framework/Lookup
0x0000000002f83000 	/System/Library/PrivateFrameworks/DataDetectors.framework/Versions/A/DataDetectors

VM Arguments:
jvm_args: -Dfile.encoding=UTF-8 
java_command: EficienciaFinanceiraRecursal
java_class_path (initial): /Volumes/HD/workspace/EFRECURSAL/build/classes:/Volumes/HD/Toncat/apache-tomcat-7.0.79/lib/annotations-api.jar:/Volumes/HD/Toncat/apache-tomcat-7.0.79/lib/catalina-ant.jar:/Volumes/HD/Toncat/apache-tomcat-7.0.79/lib/catalina-ha.jar:/Volumes/HD/Toncat/apache-tomcat-7.0.79/lib/catalina-tribes.jar:/Volumes/HD/Toncat/apache-tomcat-7.0.79/lib/catalina.jar:/Volumes/HD/Toncat/apache-tomcat-7.0.79/lib/ecj-4.4.2.jar:/Volumes/HD/Toncat/apache-tomcat-7.0.79/lib/el-api.jar:/Volumes/HD/Toncat/apache-tomcat-7.0.79/lib/jasper-el.jar:/Volumes/HD/Toncat/apache-tomcat-7.0.79/lib/jasper.jar:/Volumes/HD/Toncat/apache-tomcat-7.0.79/lib/jsp-api.jar:/Volumes/HD/Toncat/apache-tomcat-7.0.79/lib/servlet-api.jar:/Volumes/HD/Toncat/apache-tomcat-7.0.79/lib/tomcat-api.jar:/Volumes/HD/Toncat/apache-tomcat-7.0.79/lib/tomcat-coyote.jar:/Volumes/HD/Toncat/apache-tomcat-7.0.79/lib/tomcat-dbcp.jar:/Volumes/HD/Toncat/apache-tomcat-7.0.79/lib/tomcat-i18n-es.jar:/Volumes/HD/Toncat/apache-tomcat-7.0.79/lib/tomcat-i18n-fr.jar:/Volumes/HD/Toncat/apache-tomcat-7.0.79/lib/tomcat-i18n-ja.jar:/Volumes/HD/Toncat/apache-tomcat-7.0.79/lib/tomcat-jdbc.jar:/Volumes/HD/Toncat/apache-tomcat-7.0.79/lib/tomcat-util.jar:/Volumes/HD/Toncat/apache-tomcat-7.0.79/lib/tomcat7-websocket.jar:/Volumes/HD/Toncat/apache-tomcat-7.0.79/lib/websocket-api.jar:/Volumes/HD/workspace/EFRECURSAL/WebContent/WEB-INF/lib/commons-codec-1.10.jar:/Volumes/HD/workspace/EFRECURSAL/WebContent/WEB-INF/lib/commons-collections4-4.1.jar:/Volumes/HD/workspace/EFRECURSAL/WebContent/WEB-INF/lib/commons-fileupload-1.3.2.jar:/Volumes/HD/workspace/EFRECURSAL/WebContent/WEB-INF/lib/commons-io-2.5.jar:/Volumes/HD/workspace/EFRECURSAL/WebContent/WEB-INF/lib/commons-logging-1.2.jar:/Volumes/HD/workspace/EFRECURSAL/WebContent/WEB-INF/lib/curvesapi-1.04.jar:/Volumes/HD/workspace/EFRECURSAL/WebContent/WEB-INF/lib/dom4j-2.0.0-ALPHA-2.jar:/Volumes/HD/workspace/EFRECURSAL/WebContent/WEB-INF/lib/javax.faces-2.1.10.jar:/Volumes/HD/workspac
Launcher Type: SUN_STANDARD

Environment Variables:
PATH=/usr/bin:/bin:/usr/sbin:/sbin
SHELL=/bin/zsh

Signal Handlers:
SIGSEGV: [libjvm.dylib+0x5b0579], sa_mask[0]=11111111011111110111111111111111, sa_flags=SA_ONSTACK|SA_RESTART|SA_SIGINFO
SIGBUS: [libjvm.dylib+0x5b0579], sa_mask[0]=11111111011111110111111111111111, sa_flags=SA_RESTART|SA_SIGINFO
SIGFPE: [libjvm.dylib+0x4874e4], sa_mask[0]=11111111011111110111111111111111, sa_flags=SA_RESTART|SA_SIGINFO
SIGPIPE: [libjvm.dylib+0x4874e4], sa_mask[0]=11111111011111110111111111111111, sa_flags=SA_RESTART|SA_SIGINFO
SIGXFSZ: [libjvm.dylib+0x4874e4], sa_mask[0]=11111111011111110111111111111111, sa_flags=SA_RESTART|SA_SIGINFO
SIGILL: [libjvm.dylib+0x4874e4], sa_mask[0]=11111111011111110111111111111111, sa_flags=SA_RESTART|SA_SIGINFO
SIGUSR1: SIG_DFL, sa_mask[0]=00000000000000000000000000000000, sa_flags=none
SIGUSR2: [libjvm.dylib+0x487002], sa_mask[0]=00100000000000000000000000000000, sa_flags=SA_RESTART|SA_SIGINFO
SIGHUP: [libjvm.dylib+0x4855d9], sa_mask[0]=11111111011111110111111111111111, sa_flags=SA_RESTART|SA_SIGINFO
SIGINT: [libjvm.dylib+0x4855d9], sa_mask[0]=11111111011111110111111111111111, sa_flags=SA_RESTART|SA_SIGINFO
SIGTERM: [libjvm.dylib+0x4855d9], sa_mask[0]=11111111011111110111111111111111, sa_flags=SA_RESTART|SA_SIGINFO
SIGQUIT: [libjvm.dylib+0x4855d9], sa_mask[0]=11111111011111110111111111111111, sa_flags=SA_RESTART|SA_SIGINFO


---------------  S Y S T E M  ---------------

OS:Bsduname:Darwin 16.7.0 Darwin Kernel Version 16.7.0: Wed Oct  4 00:17:00 PDT 2017; root:xnu-3789.71.6~1/RELEASE_X86_64 x86_64
rlimit: STACK 8192k, CORE 0k, NPROC 709, NOFILE 10240, AS infinity
load average:5.03 3.95 3.30

CPU:total 4 (2 cores per cpu, 2 threads per core) family 6 model 42 stepping 7, cmov, cx8, fxsr, mmx, sse, sse2, sse3, ssse3, sse4.1, sse4.2, popcnt, avx, aes, clmul, ht, tsc, tscinvbit

Memory: 4k page, physical 16777216k(362984k free)

/proc/meminfo:


vm_info: Java HotSpot(TM) 64-Bit Server VM (25.102-b14) for bsd-amd64 JRE (1.8.0_102-b14), built on Jun 22 2016 11:42:36 by "java_re" with gcc 4.2.1 (Based on Apple Inc. build 5658) (LLVM build 2336.11.00)

time: Wed Dec 20 14:11:59 2017
elapsed time: 20 seconds (0d 0h 0m 20s)

