#
# A fatal error has been detected by the Java Runtime Environment:
#
#  SIGSEGV (0xb) at pc=0x00007fff8e2bc0a9, pid=4107, tid=0x000000000001c50b
#
# JRE version: Java(TM) SE Runtime Environment (8.0_102-b14) (build 1.8.0_102-b14)
# Java VM: Java HotSpot(TM) 64-Bit Server VM (25.102-b14 mixed mode bsd-amd64 compressed oops)
# Problematic frame:
# C  [libsystem_platform.dylib+0x20a9]  _platform_memmove$VARIANT$Nehalem+0xc9
#
# Failed to write core dump. Core dumps have been disabled. To enable core dumping, try "ulimit -c unlimited" before starting Java again
#
# If you would like to submit a bug report, please visit:
#   http://bugreport.java.com/bugreport/crash.jsp
# The crash happened outside the Java Virtual Machine in native code.
# See problematic frame for where to report the bug.
#

---------------  T H R E A D  ---------------

Current thread (0x00007fa051959000):  JavaThread "Thread-2" [_thread_in_native, id=115979, stack(0x00007000025cc000,0x00007000026cc000)]

siginfo: si_signo: 11 (SIGSEGV), si_code: 1 (SEGV_MAPERR), si_addr: 0x000000012b20b000

Registers:
RAX=0x00007fa051520e00, RBX=0x000000012b20aa5e, RCX=0x0000000000000010, RDX=0x000000000000baee
RSP=0x00007000026cb0b0, RBP=0x00007000026cb0b0, RSI=0x000000012b20afdc, RDI=0x00007fa051521350
R8 =0x000000000000c07f, R9 =0x00007fa051520e00, R10=0x0000000000000000, R11=0x00007f9f26316374
R12=0x0000000020c2c541, R13=0x000000006ff3b26f, R14=0x00000000298d1f92, R15=0x00000000000015c9
RIP=0x00007fff8e2bc0a9, EFLAGS=0x0000000000010206, ERR=0x0000000000000004
  TRAPNO=0x000000000000000e

Top of Stack: (sp=0x00007000026cb0b0)
0x00007000026cb0b0:   00007000026cb120 000000010ca7c006
0x00007000026cb0c0:   000000c900000043 0000000100000015
0x00007000026cb0d0:   000000000000329d 00007fa051520e00
0x00007000026cb0e0:   000000000000c07e 00007fa057c03f40
0x00007000026cb0f0:   00007fa057c10b20 0000000000000000
0x00007000026cb100:   0000000000000000 000000012759b2b0
0x00007000026cb110:   00007fa057c03f40 00007fa051959000
0x00007000026cb120:   00007000026cb140 000000010ca7c441
0x00007000026cb130:   000000012759b2b0 00007000026cb1f0
0x00007000026cb140:   00007000026cb150 000000010ca7b157
0x00007000026cb150:   00007000026cb1c0 0000000117bb99d4
0x00007000026cb160:   000000012759cb38 0000000000000000
0x00007000026cb170:   000000012759ba00 0000000000000000
0x00007000026cb180:   00007000026cb180 0000000000000000
0x00007000026cb190:   00007000026cb1f0 000000012759cb38
0x00007000026cb1a0:   0000000000000000 000000012759b2b0
0x00007000026cb1b0:   0000000000000000 00007000026cb1e0
0x00007000026cb1c0:   00007000026cb238 0000000117ba9dd0
0x00007000026cb1d0:   00000006c0001d60 0000000117bb3537
0x00007000026cb1e0:   0000000000000000 00007fa057c03f40
0x00007000026cb1f0:   0000000000000000 00007000026cb1f8
0x00007000026cb200:   000000012759c382 00007000026cb258
0x00007000026cb210:   000000012759cb38 0000000000000000
0x00007000026cb220:   000000012759c390 00007000026cb1e0
0x00007000026cb230:   00007000026cb248 00007000026cb2b0
0x00007000026cb240:   0000000117ba9dd0 0000000000000000
0x00007000026cb250:   00007fa057c03f40 000000076e826af8
0x00007000026cb260:   000000076e826af8 000000076e826af8
0x00007000026cb270:   00007000026cb260 00000001747ecc66
0x00007000026cb280:   00007000026cb2e8 00000001747ecee8
0x00007000026cb290:   0000000000000000 00000001747ecd30
0x00007000026cb2a0:   00007000026cb248 00007000026cb2e8 

Instructions: (pc=0x00007fff8e2bc0a9)
0x00007fff8e2bc089:   0f 00 00 00 74 31 0f 29 0f 0f 29 57 10 0f 29 5f
0x00007fff8e2bc099:   20 0f 29 67 30 48 83 c7 40 0f 10 0e 0f 10 56 10
0x00007fff8e2bc0a9:   0f 10 5e 20 0f 10 66 30 48 83 c6 40 48 83 ea 40
0x00007fff8e2bc0b9:   77 d4 eb 33 0f 1f 00 0f 29 0f 0f 29 57 10 0f 29 

Register to memory mapping:

RAX=0x00007fa051520e00 is an unknown value
RBX=0x000000012b20aa5e is an unknown value
RCX=0x0000000000000010 is an unknown value
RDX=0x000000000000baee is an unknown value
RSP=0x00007000026cb0b0 is pointing into the stack for thread: 0x00007fa051959000
RBP=0x00007000026cb0b0 is pointing into the stack for thread: 0x00007fa051959000
RSI=0x000000012b20afdc is an unknown value
RDI=0x00007fa051521350 is an unknown value
R8 =0x000000000000c07f is an unknown value
R9 =0x00007fa051520e00 is an unknown value
R10=0x0000000000000000 is an unknown value
R11=0x00007f9f26316374 is an unknown value
R12=0x0000000020c2c541 is an unknown value
R13=0x000000006ff3b26f is an unknown value
R14=0x00000000298d1f92 is an unknown value
R15=0x00000000000015c9 is an unknown value


Stack: [0x00007000025cc000,0x00007000026cc000],  sp=0x00007000026cb0b0,  free space=1020k
Native frames: (J=compiled Java code, j=interpreted, Vv=VM code, C=native code)
C  [libsystem_platform.dylib+0x20a9]  _platform_memmove$VARIANT$Nehalem+0xc9
C  [libzip.dylib+0x3006]  newEntry+0x2c8
C  [libzip.dylib+0x3441]  ZIP_GetNextEntry+0x37
C  [libzip.dylib+0x2157]  Java_java_util_zip_ZipFile_getNextEntry+0xe
j  java.util.zip.ZipFile.getNextEntry(JI)J+0
j  java.util.zip.ZipFile.access$500(JI)J+2
j  java.util.zip.ZipFile$ZipEntryIterator.next()Ljava/util/zip/ZipEntry;+54
j  java.util.zip.ZipFile$ZipEntryIterator.nextElement()Ljava/util/zip/ZipEntry;+1
j  java.util.zip.ZipFile$ZipEntryIterator.nextElement()Ljava/lang/Object;+1
j  org.apache.poi.openxml4j.opc.ZipPackage.getPartsImpl()[Lorg/apache/poi/openxml4j/opc/PackagePart;+76
j  org.apache.poi.openxml4j.opc.OPCPackage.getParts()Ljava/util/ArrayList;+16
j  org.apache.poi.openxml4j.opc.OPCPackage.open(Ljava/lang/String;Lorg/apache/poi/openxml4j/opc/PackageAccess;)Lorg/apache/poi/openxml4j/opc/OPCPackage;+87
j  org.apache.poi.openxml4j.opc.OPCPackage.open(Ljava/lang/String;)Lorg/apache/poi/openxml4j/opc/OPCPackage;+4
j  org.apache.poi.POIXMLDocument.openPackage(Ljava/lang/String;)Lorg/apache/poi/openxml4j/opc/OPCPackage;+1
j  org.apache.poi.xssf.usermodel.XSSFWorkbook.<init>(Ljava/lang/String;)V+2
j  EFRECURSAL.lerExcel(Ljava/lang/String;)Ljava/lang/String;+142
j  EFRECURSAL.visualizarArquivos()V+114
j  EFRECURSAL.init()V+13
j  EficienciaFinanceiraRecursal$5.run()V+82
v  ~StubRoutines::call_stub
V  [libjvm.dylib+0x2ed5e2]
V  [libjvm.dylib+0x2edd70]
V  [libjvm.dylib+0x2edf1c]
V  [libjvm.dylib+0x348691]
V  [libjvm.dylib+0x56a4db]
V  [libjvm.dylib+0x56bbc8]
V  [libjvm.dylib+0x489ed2]
C  [libsystem_pthread.dylib+0x393b]  _pthread_body+0xb4
C  [libsystem_pthread.dylib+0x3887]  _pthread_body+0x0
C  [libsystem_pthread.dylib+0x308d]  thread_start+0xd
C  0x0000000000000000

Java frames: (J=compiled Java code, j=interpreted, Vv=VM code)
j  java.util.zip.ZipFile.getNextEntry(JI)J+0
j  java.util.zip.ZipFile.access$500(JI)J+2
j  java.util.zip.ZipFile$ZipEntryIterator.next()Ljava/util/zip/ZipEntry;+54
j  java.util.zip.ZipFile$ZipEntryIterator.nextElement()Ljava/util/zip/ZipEntry;+1
j  java.util.zip.ZipFile$ZipEntryIterator.nextElement()Ljava/lang/Object;+1
j  org.apache.poi.openxml4j.opc.ZipPackage.getPartsImpl()[Lorg/apache/poi/openxml4j/opc/PackagePart;+76
j  org.apache.poi.openxml4j.opc.OPCPackage.getParts()Ljava/util/ArrayList;+16
j  org.apache.poi.openxml4j.opc.OPCPackage.open(Ljava/lang/String;Lorg/apache/poi/openxml4j/opc/PackageAccess;)Lorg/apache/poi/openxml4j/opc/OPCPackage;+87
j  org.apache.poi.openxml4j.opc.OPCPackage.open(Ljava/lang/String;)Lorg/apache/poi/openxml4j/opc/OPCPackage;+4
j  org.apache.poi.POIXMLDocument.openPackage(Ljava/lang/String;)Lorg/apache/poi/openxml4j/opc/OPCPackage;+1
j  org.apache.poi.xssf.usermodel.XSSFWorkbook.<init>(Ljava/lang/String;)V+2
j  EFRECURSAL.lerExcel(Ljava/lang/String;)Ljava/lang/String;+142
j  EFRECURSAL.visualizarArquivos()V+114
j  EFRECURSAL.init()V+13
j  EficienciaFinanceiraRecursal$5.run()V+82
v  ~StubRoutines::call_stub

---------------  P R O C E S S  ---------------

Java Threads: ( => current thread )
  0x00007fa05218b000 JavaThread "Keep-Alive-Timer" daemon [_thread_blocked, id=119815, stack(0x0000700002e76000,0x0000700002f76000)]
  0x00007fa052537800 JavaThread "Image Fetcher 1" daemon [_thread_blocked, id=119307, stack(0x0000700002d73000,0x0000700002e73000)]
  0x00007fa0510db000 JavaThread "Image Animator 0" daemon [_thread_in_vm, id=115723, stack(0x0000700002c70000,0x0000700002d70000)]
=>0x00007fa051959000 JavaThread "Thread-2" [_thread_in_native, id=115979, stack(0x00007000025cc000,0x00007000026cc000)]
  0x00007fa05287d800 JavaThread "TimerQueue" daemon [_thread_blocked, id=36259, stack(0x0000700001fb4000,0x00007000020b4000)]
  0x00007fa0568d0000 JavaThread "DestroyJavaVM" [_thread_blocked, id=7171, stack(0x000070000118a000,0x000070000128a000)]
  0x00007fa051bba000 JavaThread "AWT-EventQueue-0" [_thread_blocked, id=61983, stack(0x0000700002446000,0x0000700002546000)]
  0x00007fa0519f5800 JavaThread "Java2D Disposer" daemon [_thread_blocked, id=61451, stack(0x0000700002343000,0x0000700002443000)]
  0x00007fa05289d800 JavaThread "Java2D Queue Flusher" daemon [_thread_blocked, id=50223, stack(0x0000700002240000,0x0000700002340000)]
  0x00007fa052895800 JavaThread "AWT-Shutdown" [_thread_blocked, id=30495, stack(0x00007000020ba000,0x00007000021ba000)]
  0x00007fa05186c000 JavaThread "AppKit Thread" daemon [_thread_in_native, id=775, stack(0x00007fff52a51000,0x00007fff53251000)]
  0x00007fa0520a2800 JavaThread "Service Thread" daemon [_thread_blocked, id=18691, stack(0x0000700001dae000,0x0000700001eae000)]
  0x00007fa05204f000 JavaThread "C1 CompilerThread2" daemon [_thread_blocked, id=18179, stack(0x0000700001cab000,0x0000700001dab000)]
  0x00007fa052060800 JavaThread "C2 CompilerThread1" daemon [_thread_in_native, id=17667, stack(0x0000700001ba8000,0x0000700001ca8000)]
  0x00007fa052060000 JavaThread "C2 CompilerThread0" daemon [_thread_in_native, id=17155, stack(0x0000700001aa5000,0x0000700001ba5000)]
  0x00007fa051806800 JavaThread "Signal Dispatcher" daemon [_thread_blocked, id=16643, stack(0x00007000019a2000,0x0000700001aa2000)]
  0x00007fa052812800 JavaThread "Finalizer" daemon [_thread_blocked, id=12547, stack(0x000070000189f000,0x000070000199f000)]
  0x00007fa05280c000 JavaThread "Reference Handler" daemon [_thread_blocked, id=12035, stack(0x000070000179c000,0x000070000189c000)]

Other Threads:
  0x00007fa052807800 VMThread [stack: 0x0000700001699000,0x0000700001799000] [id=11523]
  0x00007fa052835000 WatcherThread [stack: 0x0000700001eb1000,0x0000700001fb1000] [id=19203]

VM state:not at safepoint (normal execution)

VM Mutex/Monitor currently owned by a thread: None

Heap:
 PSYoungGen      total 76288K, used 63025K [0x000000076ab00000, 0x0000000774000000, 0x00000007c0000000)
  eden space 65536K, 96% used [0x000000076ab00000,0x000000076e88c4c8,0x000000076eb00000)
  from space 10752K, 0% used [0x000000076f580000,0x000000076f580000,0x0000000770000000)
  to   space 10752K, 0% used [0x000000076eb00000,0x000000076eb00000,0x000000076f580000)
 ParOldGen       total 82944K, used 7223K [0x00000006c0000000, 0x00000006c5100000, 0x000000076ab00000)
  object space 82944K, 8% used [0x00000006c0000000,0x00000006c070dd38,0x00000006c5100000)
 Metaspace       used 22862K, capacity 23168K, committed 23344K, reserved 1069056K
  class space    used 2827K, capacity 2938K, committed 2944K, reserved 1048576K

Card table byte_map: [0x000000010e761000,0x000000010ef62000] byte_map_base: 0x000000010b161000

Marking Bits: (ParMarkBitMap*) 0x000000010dcefd20
 Begin Bits: [0x000000010f4b8000, 0x00000001134b8000)
 End Bits:   [0x00000001134b8000, 0x00000001174b8000)

Polling page: 0x000000010ca6f000

CodeCache: size=245760Kb used=9067Kb max_used=9067Kb free=236692Kb
 bounds [0x0000000117ba2000, 0x0000000118492000, 0x0000000126ba2000]
 total_blobs=3426 nmethods=2829 adapters=508
 compilation: enabled

Compilation events (10 events):
Event: 22.516 Thread 0x00007fa052060000 nmethod 2826 0x00000001184802d0 code [0x0000000118480420, 0x0000000118480558]
Event: 22.516 Thread 0x00007fa052060000 2789       4       org.apache.xmlbeans.impl.store.Xobj::getValueAsString (243 bytes)
Event: 22.526 Thread 0x00007fa05204f000 2863       3       java.util.concurrent.locks.AbstractQueuedSynchronizer::acquire (27 bytes)
Event: 22.527 Thread 0x00007fa05204f000 nmethod 2863 0x000000011847fb10 code [0x000000011847fcc0, 0x0000000118480178]
Event: 22.527 Thread 0x00007fa05204f000 2864  s    3       java.io.BufferedInputStream::reset (31 bytes)
Event: 22.528 Thread 0x00007fa05204f000 nmethod 2864 0x000000011847f290 code [0x000000011847f440, 0x000000011847f958]
Event: 22.603 Thread 0x00007fa05204f000 2866       3       java.util.concurrent.locks.AbstractQueuedSynchronizer$Node::<init> (15 bytes)
Event: 22.603 Thread 0x00007fa05204f000 nmethod 2866 0x000000011847ee90 code [0x000000011847f000, 0x000000011847f1f0]
Event: 22.607 Thread 0x00007fa05204f000 2867       3       java.lang.String::valueOf (14 bytes)
Event: 22.607 Thread 0x00007fa05204f000 nmethod 2867 0x0000000118481710 code [0x0000000118481880, 0x0000000118481ac8]

GC Heap History (6 events):
Event: 20.760 GC heap before
{Heap before GC invocations=1 (full 0):
 PSYoungGen      total 76288K, used 65536K [0x000000076ab00000, 0x0000000770000000, 0x00000007c0000000)
  eden space 65536K, 100% used [0x000000076ab00000,0x000000076eb00000,0x000000076eb00000)
  from space 10752K, 0% used [0x000000076f580000,0x000000076f580000,0x0000000770000000)
  to   space 10752K, 0% used [0x000000076eb00000,0x000000076eb00000,0x000000076f580000)
 ParOldGen       total 175104K, used 0K [0x00000006c0000000, 0x00000006cab00000, 0x000000076ab00000)
  object space 175104K, 0% used [0x00000006c0000000,0x00000006c0000020,0x00000006cab00000)
 Metaspace       used 19632K, capacity 19866K, committed 20224K, reserved 1067008K
  class space    used 2408K, capacity 2473K, committed 2560K, reserved 1048576K
Event: 20.774 GC heap after
Heap after GC invocations=1 (full 0):
 PSYoungGen      total 76288K, used 8289K [0x000000076ab00000, 0x0000000770000000, 0x00000007c0000000)
  eden space 65536K, 0% used [0x000000076ab00000,0x000000076ab00000,0x000000076eb00000)
  from space 10752K, 77% used [0x000000076eb00000,0x000000076f318600,0x000000076f580000)
  to   space 10752K, 0% used [0x000000076f580000,0x000000076f580000,0x0000000770000000)
 ParOldGen       total 175104K, used 80K [0x00000006c0000000, 0x00000006cab00000, 0x000000076ab00000)
  object space 175104K, 0% used [0x00000006c0000000,0x00000006c0014030,0x00000006cab00000)
 Metaspace       used 19632K, capacity 19866K, committed 20224K, reserved 1067008K
  class space    used 2408K, capacity 2473K, committed 2560K, reserved 1048576K
}
Event: 21.189 GC heap before
{Heap before GC invocations=2 (full 0):
 PSYoungGen      total 76288K, used 28707K [0x000000076ab00000, 0x0000000770000000, 0x00000007c0000000)
  eden space 65536K, 31% used [0x000000076ab00000,0x000000076bef09f8,0x000000076eb00000)
  from space 10752K, 77% used [0x000000076eb00000,0x000000076f318600,0x000000076f580000)
  to   space 10752K, 0% used [0x000000076f580000,0x000000076f580000,0x0000000770000000)
 ParOldGen       total 175104K, used 80K [0x00000006c0000000, 0x00000006cab00000, 0x000000076ab00000)
  object space 175104K, 0% used [0x00000006c0000000,0x00000006c0014030,0x00000006cab00000)
 Metaspace       used 20940K, capacity 21138K, committed 21296K, reserved 1069056K
  class space    used 2558K, capacity 2637K, committed 2688K, reserved 1048576K
Event: 21.203 GC heap after
Heap after GC invocations=2 (full 0):
 PSYoungGen      total 76288K, used 7284K [0x000000076ab00000, 0x0000000774000000, 0x00000007c0000000)
  eden space 65536K, 0% used [0x000000076ab00000,0x000000076ab00000,0x000000076eb00000)
  from space 10752K, 67% used [0x000000076f580000,0x000000076fc9d100,0x0000000770000000)
  to   space 10752K, 0% used [0x000000076eb00000,0x000000076eb00000,0x000000076f580000)
 ParOldGen       total 175104K, used 88K [0x00000006c0000000, 0x00000006cab00000, 0x000000076ab00000)
  object space 175104K, 0% used [0x00000006c0000000,0x00000006c0016030,0x00000006cab00000)
 Metaspace       used 20940K, capacity 21138K, committed 21296K, reserved 1069056K
  class space    used 2558K, capacity 2637K, committed 2688K, reserved 1048576K
}
Event: 21.203 GC heap before
{Heap before GC invocations=3 (full 1):
 PSYoungGen      total 76288K, used 7284K [0x000000076ab00000, 0x0000000774000000, 0x00000007c0000000)
  eden space 65536K, 0% used [0x000000076ab00000,0x000000076ab00000,0x000000076eb00000)
  from space 10752K, 67% used [0x000000076f580000,0x000000076fc9d100,0x0000000770000000)
  to   space 10752K, 0% used [0x000000076eb00000,0x000000076eb00000,0x000000076f580000)
 ParOldGen       total 175104K, used 88K [0x00000006c0000000, 0x00000006cab00000, 0x000000076ab00000)
  object space 175104K, 0% used [0x00000006c0000000,0x00000006c0016030,0x00000006cab00000)
 Metaspace       used 20940K, capacity 21138K, committed 21296K, reserved 1069056K
  class space    used 2558K, capacity 2637K, committed 2688K, reserved 1048576K
Event: 21.256 GC heap after
Heap after GC invocations=3 (full 1):
 PSYoungGen      total 76288K, used 0K [0x000000076ab00000, 0x0000000774000000, 0x00000007c0000000)
  eden space 65536K, 0% used [0x000000076ab00000,0x000000076ab00000,0x000000076eb00000)
  from space 10752K, 0% used [0x000000076f580000,0x000000076f580000,0x0000000770000000)
  to   space 10752K, 0% used [0x000000076eb00000,0x000000076eb00000,0x000000076f580000)
 ParOldGen       total 82944K, used 7223K [0x00000006c0000000, 0x00000006c5100000, 0x000000076ab00000)
  object space 82944K, 8% used [0x00000006c0000000,0x00000006c070dd38,0x00000006c5100000)
 Metaspace       used 20940K, capacity 21138K, committed 21296K, reserved 1069056K
  class space    used 2558K, capacity 2637K, committed 2688K, reserved 1048576K
}

Deoptimization events (10 events):
Event: 21.978 Thread 0x00007fa051959000 Uncommon trap: reason=class_check action=maybe_recompile pc=0x00000001180af780 method=java.io.BufferedInputStream.read1([BII)I @ 39
Event: 22.002 Thread 0x00007fa051959000 Uncommon trap: reason=unstable_if action=reinterpret pc=0x0000000118029b24 method=java.util.HashMap.putVal(ILjava/lang/Object;Ljava/lang/Object;ZZ)Ljava/lang/Object; @ 81
Event: 22.002 Thread 0x00007fa051959000 Uncommon trap: reason=unstable_if action=reinterpret pc=0x0000000117f0df30 method=java.util.HashMap.putVal(ILjava/lang/Object;Ljava/lang/Object;ZZ)Ljava/lang/Object; @ 81
Event: 22.157 Thread 0x00007fa051959000 Uncommon trap: reason=unstable_if action=reinterpret pc=0x00000001181aae0c method=com.sun.org.apache.xerces.internal.impl.XMLEntityScanner.skipSpaces()Z @ 72
Event: 22.158 Thread 0x00007fa051959000 Uncommon trap: reason=unstable_if action=reinterpret pc=0x00000001181c2e50 method=com.sun.org.apache.xerces.internal.dom.DeferredDocumentImpl.getPrevSibling(IZ)I @ 52
Event: 22.184 Thread 0x00007fa051959000 Uncommon trap: reason=unstable_if action=reinterpret pc=0x000000011830c414 method=com.sun.org.apache.xerces.internal.impl.XMLEntityScanner.scanQName(Lcom/sun/org/apache/xerces/internal/xni/QName;Lcom/sun/org/apache/xerces/internal/impl/XMLScanner$NameType
Event: 22.194 Thread 0x00007fa051959000 Uncommon trap: reason=class_check action=maybe_recompile pc=0x00000001183f6aa4 method=org.apache.xmlbeans.impl.store.Saver.process()Z @ 62
Event: 22.194 Thread 0x00007fa051959000 Uncommon trap: reason=class_check action=maybe_recompile pc=0x00000001183f6aa4 method=org.apache.xmlbeans.impl.store.Saver.process()Z @ 62
Event: 22.194 Thread 0x00007fa051959000 Uncommon trap: reason=class_check action=maybe_recompile pc=0x00000001183f6aa4 method=org.apache.xmlbeans.impl.store.Saver.process()Z @ 62
Event: 22.194 Thread 0x00007fa051959000 Uncommon trap: reason=class_check action=maybe_recompile pc=0x00000001183f6aa4 method=org.apache.xmlbeans.impl.store.Saver.process()Z @ 62

Internal exceptions (10 events):
Event: 20.294 Thread 0x00007fa051959000 Exception <a 'java/security/PrivilegedActionException'> (0x000000076d3c32a8) thrown at [/Users/java_re/workspace/8-2-build-macosx-x86_64/jdk8u102/7268/hotspot/src/share/vm/prims/jvm.cpp, line 1386]
Event: 20.294 Thread 0x00007fa051959000 Exception <a 'java/security/PrivilegedActionException'> (0x000000076d3cb658) thrown at [/Users/java_re/workspace/8-2-build-macosx-x86_64/jdk8u102/7268/hotspot/src/share/vm/prims/jvm.cpp, line 1386]
Event: 20.294 Thread 0x00007fa051959000 Exception <a 'java/security/PrivilegedActionException'> (0x000000076d3cba50) thrown at [/Users/java_re/workspace/8-2-build-macosx-x86_64/jdk8u102/7268/hotspot/src/share/vm/prims/jvm.cpp, line 1386]
Event: 20.295 Thread 0x00007fa051959000 Exception <a 'java/security/PrivilegedActionException'> (0x000000076d3d3d68) thrown at [/Users/java_re/workspace/8-2-build-macosx-x86_64/jdk8u102/7268/hotspot/src/share/vm/prims/jvm.cpp, line 1386]
Event: 20.296 Thread 0x00007fa051959000 Exception <a 'java/security/PrivilegedActionException'> (0x000000076d3d4160) thrown at [/Users/java_re/workspace/8-2-build-macosx-x86_64/jdk8u102/7268/hotspot/src/share/vm/prims/jvm.cpp, line 1386]
Event: 20.296 Thread 0x00007fa051959000 Exception <a 'java/security/PrivilegedActionException'> (0x000000076d3dc730) thrown at [/Users/java_re/workspace/8-2-build-macosx-x86_64/jdk8u102/7268/hotspot/src/share/vm/prims/jvm.cpp, line 1386]
Event: 20.296 Thread 0x00007fa051959000 Exception <a 'java/security/PrivilegedActionException'> (0x000000076d3dcb28) thrown at [/Users/java_re/workspace/8-2-build-macosx-x86_64/jdk8u102/7268/hotspot/src/share/vm/prims/jvm.cpp, line 1386]
Event: 20.778 Thread 0x00007fa052812800 Exception <a 'java/lang/NullPointerException'> (0x000000076aea95c0) thrown at [/Users/java_re/workspace/8-2-build-macosx-x86_64/jdk8u102/7268/hotspot/src/share/vm/interpreter/linkResolver.cpp, line 1178]
Event: 20.782 Thread 0x00007fa052812800 Exception <a 'java/lang/NullPointerException'> (0x000000076aea9850) thrown at [/Users/java_re/workspace/8-2-build-macosx-x86_64/jdk8u102/7268/hotspot/src/share/vm/interpreter/linkResolver.cpp, line 1178]
Event: 21.341 Thread 0x00007fa051959000 Exception <a 'java/lang/NullPointerException'> (0x000000076af265d0) thrown at [/Users/java_re/workspace/8-2-build-macosx-x86_64/jdk8u102/7268/hotspot/src/share/vm/interpreter/linkResolver.cpp, line 1280]

Events (10 events):
Event: 22.203 Thread 0x00007fa051959000 DEOPT PACKING pc=0x0000000118062d5d sp=0x00007000026cabf0
Event: 22.203 Thread 0x00007fa051959000 DEOPT UNPACKING pc=0x0000000117be9633 sp=0x00007000026ca9b8 mode 0
Event: 22.205 Thread 0x00007fa051959000 DEOPT PACKING pc=0x0000000118062d5d sp=0x00007000026ca7d0
Event: 22.205 Thread 0x00007fa051959000 DEOPT UNPACKING pc=0x0000000117be9633 sp=0x00007000026ca598 mode 0
Event: 22.251 Thread 0x00007fa051959000 DEOPT PACKING pc=0x0000000118062d5d sp=0x00007000026ca920
Event: 22.251 Thread 0x00007fa051959000 DEOPT UNPACKING pc=0x0000000117be9633 sp=0x00007000026ca6e8 mode 0
Event: 22.268 Thread 0x00007fa051959000 DEOPT PACKING pc=0x0000000118062d5d sp=0x00007000026ca230
Event: 22.268 Thread 0x00007fa051959000 DEOPT UNPACKING pc=0x0000000117be9633 sp=0x00007000026c9ff8 mode 0
Event: 22.310 Thread 0x00007fa051959000 DEOPT PACKING pc=0x00000001183b9637 sp=0x00007000026caf20
Event: 22.310 Thread 0x00007fa051959000 DEOPT UNPACKING pc=0x0000000117be9633 sp=0x00007000026cac60 mode 0


Dynamic libraries:
0x0000000002f83000 	/System/Library/Frameworks/Cocoa.framework/Versions/A/Cocoa
0x0000000002f83000 	/System/Library/Frameworks/Security.framework/Versions/A/Security
0x0000000002f83000 	/System/Library/Frameworks/ApplicationServices.framework/Versions/A/ApplicationServices
0x0000000002f83000 	/usr/lib/libz.1.dylib
0x0000000002f83000 	/usr/lib/libSystem.B.dylib
0x0000000002f83000 	/usr/lib/libobjc.A.dylib
0x0000000002f83000 	/System/Library/Frameworks/CoreFoundation.framework/Versions/A/CoreFoundation
0x0000000002f83000 	/System/Library/Frameworks/Foundation.framework/Versions/C/Foundation
0x0000000002f83000 	/System/Library/Frameworks/AppKit.framework/Versions/C/AppKit
0x0000000002f83000 	/System/Library/Frameworks/CoreData.framework/Versions/A/CoreData
0x0000000002f83000 	/System/Library/PrivateFrameworks/RemoteViewServices.framework/Versions/A/RemoteViewServices
0x0000000002f83000 	/System/Library/PrivateFrameworks/UIFoundation.framework/Versions/A/UIFoundation
0x0000000002f83000 	/System/Library/PrivateFrameworks/DFRFoundation.framework/Versions/A/DFRFoundation
0x0000000002f83000 	/usr/lib/libenergytrace.dylib
0x0000000002f83000 	/System/Library/PrivateFrameworks/SkyLight.framework/Versions/A/SkyLight
0x0000000002f83000 	/System/Library/Frameworks/CoreGraphics.framework/Versions/A/CoreGraphics
0x0000000002f83000 	/usr/lib/libScreenReader.dylib
0x0000000002f83000 	/System/Library/Frameworks/Accelerate.framework/Versions/A/Accelerate
0x0000000002f83000 	/System/Library/Frameworks/IOSurface.framework/Versions/A/IOSurface
0x0000000002f83000 	/System/Library/Frameworks/AudioToolbox.framework/Versions/A/AudioToolbox
0x0000000002f83000 	/System/Library/Frameworks/AudioUnit.framework/Versions/A/AudioUnit
0x0000000002f83000 	/System/Library/PrivateFrameworks/DataDetectorsCore.framework/Versions/A/DataDetectorsCore
0x0000000002f83000 	/System/Library/PrivateFrameworks/DesktopServicesPriv.framework/Versions/A/DesktopServicesPriv
0x0000000002f83000 	/System/Library/Frameworks/Carbon.framework/Versions/A/Frameworks/HIToolbox.framework/Versions/A/HIToolbox
0x0000000002f83000 	/usr/lib/libicucore.A.dylib
0x0000000002f83000 	/System/Library/Frameworks/QuartzCore.framework/Versions/A/QuartzCore
0x0000000002f83000 	/System/Library/Frameworks/Carbon.framework/Versions/A/Frameworks/SpeechRecognition.framework/Versions/A/SpeechRecognition
0x0000000002f83000 	/usr/lib/libauto.dylib
0x0000000002f83000 	/usr/lib/libxml2.2.dylib
0x0000000002f83000 	/System/Library/PrivateFrameworks/CoreUI.framework/Versions/A/CoreUI
0x0000000002f83000 	/System/Library/Frameworks/CoreAudio.framework/Versions/A/CoreAudio
0x0000000002f83000 	/System/Library/Frameworks/DiskArbitration.framework/Versions/A/DiskArbitration
0x0000000002f83000 	/usr/lib/liblangid.dylib
0x0000000002f83000 	/System/Library/PrivateFrameworks/MultitouchSupport.framework/Versions/A/MultitouchSupport
0x0000000002f83000 	/System/Library/Frameworks/IOKit.framework/Versions/A/IOKit
0x0000000002f83000 	/usr/lib/libDiagnosticMessagesClient.dylib
0x0000000002f83000 	/System/Library/Frameworks/CoreServices.framework/Versions/A/CoreServices
0x0000000002f83000 	/System/Library/PrivateFrameworks/PerformanceAnalysis.framework/Versions/A/PerformanceAnalysis
0x0000000002f83000 	/System/Library/PrivateFrameworks/GenerationalStorage.framework/Versions/A/GenerationalStorage
0x0000000002f83000 	/System/Library/Frameworks/OpenGL.framework/Versions/A/OpenGL
0x0000000002f83000 	/System/Library/Frameworks/CoreImage.framework/Versions/A/CoreImage
0x0000000002f83000 	/System/Library/Frameworks/CoreText.framework/Versions/A/CoreText
0x0000000002f83000 	/System/Library/Frameworks/ImageIO.framework/Versions/A/ImageIO
0x0000000002f83000 	/System/Library/PrivateFrameworks/Backup.framework/Versions/A/Backup
0x0000000002f83000 	/usr/lib/libarchive.2.dylib
0x0000000002f83000 	/System/Library/Frameworks/CFNetwork.framework/Versions/A/CFNetwork
0x0000000002f83000 	/System/Library/Frameworks/SystemConfiguration.framework/Versions/A/SystemConfiguration
0x0000000002f83000 	/usr/lib/libCRFSuite.dylib
0x0000000002f83000 	/usr/lib/libc++.1.dylib
0x0000000002f83000 	/usr/lib/libc++abi.dylib
0x0000000002f83000 	/usr/lib/system/libcache.dylib
0x0000000002f83000 	/usr/lib/system/libcommonCrypto.dylib
0x0000000002f83000 	/usr/lib/system/libcompiler_rt.dylib
0x0000000002f83000 	/usr/lib/system/libcopyfile.dylib
0x0000000002f83000 	/usr/lib/system/libcorecrypto.dylib
0x0000000002f83000 	/usr/lib/system/libdispatch.dylib
0x0000000002f83000 	/usr/lib/system/libdyld.dylib
0x0000000002f83000 	/usr/lib/system/libkeymgr.dylib
0x0000000002f83000 	/usr/lib/system/liblaunch.dylib
0x0000000002f83000 	/usr/lib/system/libmacho.dylib
0x0000000002f83000 	/usr/lib/system/libquarantine.dylib
0x0000000002f83000 	/usr/lib/system/libremovefile.dylib
0x0000000002f83000 	/usr/lib/system/libsystem_asl.dylib
0x0000000002f83000 	/usr/lib/system/libsystem_blocks.dylib
0x0000000002f83000 	/usr/lib/system/libsystem_c.dylib
0x0000000002f83000 	/usr/lib/system/libsystem_configuration.dylib
0x0000000002f83000 	/usr/lib/system/libsystem_coreservices.dylib
0x0000000002f83000 	/usr/lib/system/libsystem_coretls.dylib
0x0000000002f83000 	/usr/lib/system/libsystem_dnssd.dylib
0x0000000002f83000 	/usr/lib/system/libsystem_info.dylib
0x0000000002f83000 	/usr/lib/system/libsystem_kernel.dylib
0x0000000002f83000 	/usr/lib/system/libsystem_m.dylib
0x0000000002f83000 	/usr/lib/system/libsystem_malloc.dylib
0x0000000002f83000 	/usr/lib/system/libsystem_network.dylib
0x0000000002f83000 	/usr/lib/system/libsystem_networkextension.dylib
0x0000000002f83000 	/usr/lib/system/libsystem_notify.dylib
0x0000000002f83000 	/usr/lib/system/libsystem_platform.dylib
0x0000000002f83000 	/usr/lib/system/libsystem_pthread.dylib
0x0000000002f83000 	/usr/lib/system/libsystem_sandbox.dylib
0x0000000002f83000 	/usr/lib/system/libsystem_secinit.dylib
0x0000000002f83000 	/usr/lib/system/libsystem_symptoms.dylib
0x0000000002f83000 	/usr/lib/system/libsystem_trace.dylib
0x0000000002f83000 	/usr/lib/system/libunwind.dylib
0x0000000002f83000 	/usr/lib/system/libxpc.dylib
0x0000000002f83000 	/usr/lib/libbsm.0.dylib
0x0000000002f83000 	/usr/lib/system/libkxld.dylib
0x0000000002f83000 	/usr/lib/libcoretls.dylib
0x0000000002f83000 	/usr/lib/libcoretls_cfhelpers.dylib
0x0000000002f83000 	/usr/lib/libOpenScriptingUtil.dylib
0x0000000002f83000 	/usr/lib/libpam.2.dylib
0x0000000002f83000 	/usr/lib/libsqlite3.dylib
0x0000000002f83000 	/usr/lib/libxar.1.dylib
0x0000000002f83000 	/usr/lib/libbz2.1.0.dylib
0x0000000002f83000 	/usr/lib/liblzma.5.dylib
0x0000000002f83000 	/usr/lib/libnetwork.dylib
0x0000000002f83000 	/usr/lib/libpcap.A.dylib
0x0000000002f83000 	/System/Library/Frameworks/CoreServices.framework/Versions/A/Frameworks/FSEvents.framework/Versions/A/FSEvents
0x0000000002f83000 	/System/Library/Frameworks/CoreServices.framework/Versions/A/Frameworks/CarbonCore.framework/Versions/A/CarbonCore
0x0000000002f83000 	/System/Library/Frameworks/CoreServices.framework/Versions/A/Frameworks/Metadata.framework/Versions/A/Metadata
0x0000000002f83000 	/System/Library/Frameworks/CoreServices.framework/Versions/A/Frameworks/OSServices.framework/Versions/A/OSServices
0x0000000002f83000 	/System/Library/Frameworks/CoreServices.framework/Versions/A/Frameworks/SearchKit.framework/Versions/A/SearchKit
0x0000000002f83000 	/System/Library/Frameworks/CoreServices.framework/Versions/A/Frameworks/AE.framework/Versions/A/AE
0x0000000002f83000 	/System/Library/Frameworks/CoreServices.framework/Versions/A/Frameworks/LaunchServices.framework/Versions/A/LaunchServices
0x0000000002f83000 	/System/Library/Frameworks/CoreServices.framework/Versions/A/Frameworks/DictionaryServices.framework/Versions/A/DictionaryServices
0x0000000002f83000 	/System/Library/Frameworks/CoreServices.framework/Versions/A/Frameworks/SharedFileList.framework/Versions/A/SharedFileList
0x0000000002f83000 	/System/Library/Frameworks/NetFS.framework/Versions/A/NetFS
0x0000000002f83000 	/System/Library/PrivateFrameworks/NetAuth.framework/Versions/A/NetAuth
0x0000000002f83000 	/System/Library/PrivateFrameworks/login.framework/Versions/A/Frameworks/loginsupport.framework/Versions/A/loginsupport
0x0000000002f83000 	/System/Library/PrivateFrameworks/TCC.framework/Versions/A/TCC
0x0000000002f83000 	/usr/lib/libmecabra.dylib
0x0000000002f83000 	/System/Library/Frameworks/ApplicationServices.framework/Versions/A/Frameworks/ATS.framework/Versions/A/ATS
0x0000000002f83000 	/System/Library/Frameworks/ApplicationServices.framework/Versions/A/Frameworks/ColorSync.framework/Versions/A/ColorSync
0x0000000002f83000 	/System/Library/Frameworks/ApplicationServices.framework/Versions/A/Frameworks/HIServices.framework/Versions/A/HIServices
0x0000000002f83000 	/System/Library/Frameworks/ApplicationServices.framework/Versions/A/Frameworks/LangAnalysis.framework/Versions/A/LangAnalysis
0x0000000002f83000 	/System/Library/Frameworks/ApplicationServices.framework/Versions/A/Frameworks/PrintCore.framework/Versions/A/PrintCore
0x0000000002f83000 	/System/Library/Frameworks/ApplicationServices.framework/Versions/A/Frameworks/QD.framework/Versions/A/QD
0x0000000002f83000 	/System/Library/Frameworks/ApplicationServices.framework/Versions/A/Frameworks/SpeechSynthesis.framework/Versions/A/SpeechSynthesis
0x0000000002f83000 	/System/Library/Frameworks/Accelerate.framework/Versions/A/Frameworks/vImage.framework/Versions/A/vImage
0x0000000002f83000 	/System/Library/Frameworks/Accelerate.framework/Versions/A/Frameworks/vecLib.framework/Versions/A/vecLib
0x0000000002f83000 	/System/Library/Frameworks/Accelerate.framework/Versions/A/Frameworks/vecLib.framework/Versions/A/libvDSP.dylib
0x0000000002f83000 	/System/Library/Frameworks/Accelerate.framework/Versions/A/Frameworks/vecLib.framework/Versions/A/libBNNS.dylib
0x0000000002f83000 	/System/Library/Frameworks/Accelerate.framework/Versions/A/Frameworks/vecLib.framework/Versions/A/libQuadrature.dylib
0x0000000002f83000 	/System/Library/Frameworks/Accelerate.framework/Versions/A/Frameworks/vecLib.framework/Versions/A/libvMisc.dylib
0x0000000002f83000 	/System/Library/Frameworks/Accelerate.framework/Versions/A/Frameworks/vecLib.framework/Versions/A/libLAPACK.dylib
0x0000000002f83000 	/System/Library/Frameworks/Accelerate.framework/Versions/A/Frameworks/vecLib.framework/Versions/A/libBLAS.dylib
0x0000000002f83000 	/System/Library/Frameworks/Accelerate.framework/Versions/A/Frameworks/vecLib.framework/Versions/A/libLinearAlgebra.dylib
0x0000000002f83000 	/System/Library/Frameworks/Accelerate.framework/Versions/A/Frameworks/vecLib.framework/Versions/A/libSparseBLAS.dylib
0x0000000002f83000 	/System/Library/Frameworks/ApplicationServices.framework/Versions/A/Frameworks/ATS.framework/Versions/A/Resources/libFontParser.dylib
0x0000000002f83000 	/System/Library/Frameworks/ApplicationServices.framework/Versions/A/Frameworks/ATS.framework/Versions/A/Resources/libFontRegistry.dylib
0x0000000002f83000 	/System/Library/Frameworks/ImageIO.framework/Versions/A/Resources/libJPEG.dylib
0x0000000002f83000 	/System/Library/Frameworks/ImageIO.framework/Versions/A/Resources/libTIFF.dylib
0x0000000002f83000 	/System/Library/Frameworks/ImageIO.framework/Versions/A/Resources/libPng.dylib
0x0000000002f83000 	/System/Library/Frameworks/ImageIO.framework/Versions/A/Resources/libGIF.dylib
0x0000000002f83000 	/System/Library/Frameworks/ImageIO.framework/Versions/A/Resources/libJP2.dylib
0x0000000002f83000 	/System/Library/Frameworks/ImageIO.framework/Versions/A/Resources/libRadiance.dylib
0x0000000002f83000 	/usr/lib/libcompression.dylib
0x0000000002f83000 	/System/Library/PrivateFrameworks/AppleJPEG.framework/Versions/A/AppleJPEG
0x0000000002f83000 	/usr/lib/libcups.2.dylib
0x0000000002f83000 	/System/Library/Frameworks/Kerberos.framework/Versions/A/Kerberos
0x0000000002f83000 	/System/Library/Frameworks/GSS.framework/Versions/A/GSS
0x0000000002f83000 	/usr/lib/libresolv.9.dylib
0x0000000002f83000 	/usr/lib/libiconv.2.dylib
0x0000000002f83000 	/System/Library/PrivateFrameworks/Heimdal.framework/Versions/A/Heimdal
0x0000000002f83000 	/usr/lib/libheimdal-asn1.dylib
0x0000000002f83000 	/System/Library/Frameworks/OpenDirectory.framework/Versions/A/OpenDirectory
0x0000000002f83000 	/System/Library/PrivateFrameworks/CommonAuth.framework/Versions/A/CommonAuth
0x0000000002f83000 	/System/Library/Frameworks/OpenDirectory.framework/Versions/A/Frameworks/CFOpenDirectory.framework/Versions/A/CFOpenDirectory
0x0000000002f83000 	/System/Library/Frameworks/SecurityFoundation.framework/Versions/A/SecurityFoundation
0x0000000002f83000 	/System/Library/PrivateFrameworks/LanguageModeling.framework/Versions/A/LanguageModeling
0x0000000002f83000 	/usr/lib/libmarisa.dylib
0x0000000002f83000 	/usr/lib/libChineseTokenizer.dylib
0x0000000002f83000 	/usr/lib/libcmph.dylib
0x0000000002f83000 	/System/Library/PrivateFrameworks/CoreEmoji.framework/Versions/A/CoreEmoji
0x0000000002f83000 	/System/Library/Frameworks/ServiceManagement.framework/Versions/A/ServiceManagement
0x0000000002f83000 	/usr/lib/libxslt.1.dylib
0x0000000002f83000 	/System/Library/Frameworks/Carbon.framework/Versions/A/Frameworks/Ink.framework/Versions/A/Ink
0x0000000002f83000 	/System/Library/PrivateFrameworks/TextureIO.framework/Versions/A/TextureIO
0x0000000002f83000 	/System/Library/Frameworks/Metal.framework/Versions/A/Metal
0x0000000002f83000 	/usr/lib/libate.dylib
0x0000000002f83000 	/System/Library/PrivateFrameworks/GPUCompiler.framework/libmetal_timestamp.dylib
0x0000000002f83000 	/System/Library/Frameworks/OpenGL.framework/Versions/A/Libraries/libCoreFSCache.dylib
0x0000000002f83000 	/System/Library/PrivateFrameworks/IOAccelerator.framework/Versions/A/IOAccelerator
0x0000000002f83000 	/System/Library/Frameworks/CoreVideo.framework/Versions/A/CoreVideo
0x0000000002f83000 	/usr/lib/libFosl_dynamic.dylib
0x0000000002f83000 	/System/Library/PrivateFrameworks/MetalPerformanceShaders.framework/Versions/A/MetalPerformanceShaders
0x0000000002f83000 	/System/Library/PrivateFrameworks/FaceCore.framework/Versions/A/FaceCore
0x0000000002f83000 	/System/Library/Frameworks/OpenCL.framework/Versions/A/OpenCL
0x0000000002f83000 	/System/Library/Frameworks/OpenGL.framework/Versions/A/Libraries/libGLU.dylib
0x0000000002f83000 	/System/Library/Frameworks/OpenGL.framework/Versions/A/Libraries/libGFXShared.dylib
0x0000000002f83000 	/System/Library/Frameworks/OpenGL.framework/Versions/A/Libraries/libGL.dylib
0x0000000002f83000 	/System/Library/Frameworks/OpenGL.framework/Versions/A/Libraries/libGLImage.dylib
0x0000000002f83000 	/System/Library/Frameworks/OpenGL.framework/Versions/A/Libraries/libCVMSPluginSupport.dylib
0x0000000002f83000 	/System/Library/Frameworks/OpenGL.framework/Versions/A/Libraries/libCoreVMClient.dylib
0x0000000002f83000 	/System/Library/PrivateFrameworks/CrashReporterSupport.framework/Versions/A/CrashReporterSupport
0x0000000002f83000 	/System/Library/PrivateFrameworks/Sharing.framework/Versions/A/Sharing
0x0000000002f83000 	/System/Library/PrivateFrameworks/IconServices.framework/Versions/A/IconServices
0x0000000002f83000 	/System/Library/PrivateFrameworks/ProtocolBuffer.framework/Versions/A/ProtocolBuffer
0x0000000002f83000 	/System/Library/PrivateFrameworks/Apple80211.framework/Versions/A/Apple80211
0x0000000002f83000 	/System/Library/Frameworks/CoreWLAN.framework/Versions/A/CoreWLAN
0x0000000002f83000 	/System/Library/PrivateFrameworks/CoreUtils.framework/Versions/A/CoreUtils
0x0000000002f83000 	/System/Library/Frameworks/IOBluetooth.framework/Versions/A/IOBluetooth
0x0000000002f83000 	/System/Library/PrivateFrameworks/CoreWiFi.framework/Versions/A/CoreWiFi
0x0000000002f83000 	/System/Library/Frameworks/CoreBluetooth.framework/Versions/A/CoreBluetooth
0x0000000002f83000 	/System/Library/Frameworks/CoreDisplay.framework/Versions/A/CoreDisplay
0x0000000002f83000 	/System/Library/PrivateFrameworks/IOPresentment.framework/Versions/A/IOPresentment
0x0000000002f83000 	/System/Library/PrivateFrameworks/DSExternalDisplay.framework/Versions/A/DSExternalDisplay
0x0000000002f83000 	/System/Library/PrivateFrameworks/DebugSymbols.framework/Versions/A/DebugSymbols
0x0000000002f83000 	/System/Library/PrivateFrameworks/CoreSymbolication.framework/Versions/A/CoreSymbolication
0x0000000002f83000 	/System/Library/PrivateFrameworks/Symbolication.framework/Versions/A/Symbolication
0x0000000002f83000 	/System/Library/PrivateFrameworks/AppleFSCompression.framework/Versions/A/AppleFSCompression
0x0000000002f83000 	/System/Library/PrivateFrameworks/SpeechRecognitionCore.framework/Versions/A/SpeechRecognitionCore
0x0000000002f83000 	/System/Library/PrivateFrameworks/ChunkingLibrary.framework/Versions/A/ChunkingLibrary
0x000000010d400000 	/Library/Java/JavaVirtualMachines/jdk1.8.0_102.jdk/Contents/Home/jre/lib/server/libjvm.dylib
0x0000000002f83000 	/usr/lib/libstdc++.6.dylib
0x000000010ca2c000 	/Library/Java/JavaVirtualMachines/jdk1.8.0_102.jdk/Contents/Home/jre/lib/libverify.dylib
0x000000010ca3a000 	/Library/Java/JavaVirtualMachines/jdk1.8.0_102.jdk/Contents/Home/jre/lib/libjava.dylib
0x000000010ca79000 	/Library/Java/JavaVirtualMachines/jdk1.8.0_102.jdk/Contents/Home/jre/lib/libzip.dylib
0x0000000128702000 	/System/Library/Frameworks/JavaVM.framework/Frameworks/JavaRuntimeSupport.framework/JavaRuntimeSupport
0x000000012871c000 	/System/Library/Frameworks/JavaVM.framework/Versions/A/Frameworks/JavaNativeFoundation.framework/Versions/A/JavaNativeFoundation
0x000000010cbec000 	/System/Library/Frameworks/JavaVM.framework/Versions/A/JavaVM
0x0000000002f83000 	/System/Library/Frameworks/Carbon.framework/Versions/A/Carbon
0x0000000128731000 	/System/Library/PrivateFrameworks/JavaLaunching.framework/Versions/A/JavaLaunching
0x0000000002f83000 	/System/Library/Frameworks/Carbon.framework/Versions/A/Frameworks/CommonPanels.framework/Versions/A/CommonPanels
0x0000000002f83000 	/System/Library/Frameworks/Carbon.framework/Versions/A/Frameworks/Help.framework/Versions/A/Help
0x0000000002f83000 	/System/Library/Frameworks/Carbon.framework/Versions/A/Frameworks/ImageCapture.framework/Versions/A/ImageCapture
0x0000000002f83000 	/System/Library/Frameworks/Carbon.framework/Versions/A/Frameworks/OpenScripting.framework/Versions/A/OpenScripting
0x0000000002f83000 	/System/Library/Frameworks/Carbon.framework/Versions/A/Frameworks/Print.framework/Versions/A/Print
0x0000000002f83000 	/System/Library/Frameworks/Carbon.framework/Versions/A/Frameworks/SecurityHI.framework/Versions/A/SecurityHI
0x000000012a06c000 	/Library/Java/JavaVirtualMachines/jdk1.8.0_102.jdk/Contents/Home/jre/lib/libawt.dylib
0x000000012a114000 	/Library/Java/JavaVirtualMachines/jdk1.8.0_102.jdk/Contents/Home/jre/lib/./libmlib_image.dylib
0x000000012a1e0000 	/Library/Java/JavaVirtualMachines/jdk1.8.0_102.jdk/Contents/Home/jre/lib/libawt_lwawt.dylib
0x000000012a295000 	/Library/Java/JavaVirtualMachines/jdk1.8.0_102.jdk/Contents/Home/jre/lib/./libosxapp.dylib
0x0000000002f83000 	/System/Library/Frameworks/ExceptionHandling.framework/Versions/A/ExceptionHandling
0x0000000002f83000 	/System/Library/PrivateFrameworks/CoreServicesInternal.framework/Versions/A/CoreServicesInternal
0x0000000002f83000 	/System/Library/CoreServices/RawCamera.bundle/Contents/MacOS/RawCamera
0x0000000002f83000 	/System/Library/Frameworks/Accelerate.framework/Versions/A/Frameworks/vImage.framework/Versions/A/Libraries/libCGInterfaces.dylib
0x0000000002f83000 	/System/Library/Frameworks/ApplicationServices.framework/Versions/A/Frameworks/ATS.framework/Versions/A/Resources/libTrueTypeScaler.dylib
0x0000000002f83000 	/System/Library/Frameworks/OpenGL.framework/Versions/A/Resources/GLEngine.bundle/GLEngine
0x0000000002f83000 	/System/Library/Frameworks/OpenGL.framework/Versions/A/Libraries/libGLProgrammability.dylib
0x000000012c8e6000 	/System/Library/Extensions/AppleIntelHD3000GraphicsGLDriver.bundle/Contents/MacOS/AppleIntelHD3000GraphicsGLDriver
0x0000000002f83000 	/System/Library/PrivateFrameworks/GPUSupport.framework/Versions/A/Libraries/libGPUSupport.dylib
0x0000000002f83000 	/System/Library/Frameworks/OpenGL.framework/Versions/A/Resources/GLRendererFloat.bundle/GLRendererFloat
0x0000000002f83000 	/System/Library/Frameworks/OpenCL.framework/Versions/A/Libraries/libcldcpuengine.dylib
0x0000000002f83000 	/usr/lib/libcrypto.0.9.8.dylib
0x0000000002f83000 	/System/Library/PrivateFrameworks/TrustEvaluationAgent.framework/Versions/A/TrustEvaluationAgent
0x0000000002f83000 	/System/Library/PrivateFrameworks/FamilyControls.framework/Versions/A/FamilyControls
0x0000000002f83000 	/System/Library/PrivateFrameworks/CommerceKit.framework/Versions/A/Frameworks/CommerceCore.framework/Versions/A/CommerceCore
0x0000000002f83000 	/System/Library/PrivateFrameworks/SystemAdministration.framework/Versions/A/SystemAdministration
0x0000000002f83000 	/System/Library/PrivateFrameworks/AppContainer.framework/Versions/A/AppContainer
0x0000000002f83000 	/System/Library/PrivateFrameworks/SecCodeWrapper.framework/Versions/A/SecCodeWrapper
0x0000000002f83000 	/System/Library/Frameworks/DirectoryService.framework/Versions/A/DirectoryService
0x0000000002f83000 	/System/Library/PrivateFrameworks/DiskImages.framework/Versions/A/DiskImages
0x0000000002f83000 	/System/Library/PrivateFrameworks/LoginUIKit.framework/Versions/A/Frameworks/LoginUICore.framework/Versions/A/LoginUICore
0x0000000002f83000 	/usr/lib/libCoreStorage.dylib
0x0000000002f83000 	/usr/lib/libcsfde.dylib
0x0000000002f83000 	/usr/lib/libodfde.dylib
0x0000000002f83000 	/System/Library/Frameworks/DiscRecording.framework/Versions/A/DiscRecording
0x0000000002f83000 	/usr/lib/libcurl.4.dylib
0x0000000002f83000 	/System/Library/PrivateFrameworks/MediaKit.framework/Versions/A/MediaKit
0x0000000002f83000 	/System/Library/PrivateFrameworks/ProtectedCloudStorage.framework/Versions/A/ProtectedCloudStorage
0x0000000002f83000 	/System/Library/PrivateFrameworks/EFILogin.framework/Versions/A/EFILogin
0x0000000002f83000 	/usr/lib/libutil.dylib
0x0000000002f83000 	/System/Library/Frameworks/LDAP.framework/Versions/A/LDAP
0x0000000002f83000 	/usr/lib/libsasl2.2.dylib
0x0000000002f83000 	/System/Library/PrivateFrameworks/CoreDaemon.framework/Versions/B/CoreDaemon
0x0000000002f83000 	/System/Library/PrivateFrameworks/AppleSRP.framework/Versions/A/AppleSRP
0x0000000002f83000 	/System/Library/PrivateFrameworks/APFS.framework/Versions/A/APFS
0x000000012e94f000 	/Library/Java/JavaVirtualMachines/jdk1.8.0_102.jdk/Contents/Home/jre/lib/libfontmanager.dylib
0x000000012e9b6000 	/Library/Java/JavaVirtualMachines/jdk1.8.0_102.jdk/Contents/Home/jre/lib/libosxui.dylib
0x0000000002f83000 	/System/Library/PrivateFrameworks/ViewBridge.framework/Versions/A/ViewBridge
0x0000000002f83000 	/System/Library/PrivateFrameworks/XPCService.framework/Versions/A/XPCService
0x0000000002f83000 	/System/Library/PrivateFrameworks/AppSandbox.framework/Versions/A/AppSandbox
0x0000000002f83000 	/usr/lib/libsandbox.1.dylib
0x0000000002f83000 	/usr/lib/libMatch.1.dylib
0x00000001308e3000 	/Library/Java/JavaVirtualMachines/jdk1.8.0_102.jdk/Contents/Home/jre/lib/libnet.dylib
0x0000000130beb000 	/Library/Java/JavaVirtualMachines/jdk1.8.0_102.jdk/Contents/Home/jre/lib/libnio.dylib
0x0000000002f83000 	/System/Library/PrivateFrameworks/FinderKit.framework/Versions/A/FinderKit
0x0000000002f83000 	/System/Library/Frameworks/Quartz.framework/Versions/A/Frameworks/QuickLookUI.framework/Versions/A/QuickLookUI
0x0000000002f83000 	/System/Library/Frameworks/Quartz.framework/Versions/A/Frameworks/ImageKit.framework/Versions/A/ImageKit
0x0000000002f83000 	/System/Library/PrivateFrameworks/Bom.framework/Versions/A/Bom
0x0000000002f83000 	/System/Library/Frameworks/QuickLook.framework/Versions/A/QuickLook
0x0000000002f83000 	/System/Library/PrivateFrameworks/Suggestions.framework/Versions/A/Suggestions
0x0000000002f83000 	/System/Library/PrivateFrameworks/AppleSystemInfo.framework/Versions/A/AppleSystemInfo
0x0000000002f83000 	/System/Library/Frameworks/ImageCaptureCore.framework/Versions/A/ImageCaptureCore
0x0000000002f83000 	/System/Library/Frameworks/SafariServices.framework/Versions/A/SafariServices
0x0000000002f83000 	/System/Library/Frameworks/QTKit.framework/Versions/A/QTKit
0x0000000002f83000 	/System/Library/PrivateFrameworks/MobileKeyBag.framework/Versions/A/MobileKeyBag
0x0000000002f83000 	/System/Library/Frameworks/AVFoundation.framework/Versions/A/AVFoundation
0x0000000002f83000 	/System/Library/Frameworks/CoreMedia.framework/Versions/A/CoreMedia
0x0000000002f83000 	/System/Library/Frameworks/MediaToolbox.framework/Versions/A/MediaToolbox
0x0000000002f83000 	/System/Library/Frameworks/VideoToolbox.framework/Versions/A/VideoToolbox
0x0000000002f83000 	/System/Library/PrivateFrameworks/CoreMediaAuthoring.framework/Versions/A/CoreMediaAuthoring
0x0000000002f83000 	/System/Library/Frameworks/CoreMediaIO.framework/Versions/A/CoreMediaIO
0x0000000002f83000 	/System/Library/Frameworks/AVFoundation.framework/Versions/A/Frameworks/AVFAudio.framework/Versions/A/AVFAudio
0x0000000002f83000 	/System/Library/PrivateFrameworks/IntlPreferences.framework/Versions/A/IntlPreferences
0x0000000002f83000 	/usr/lib/libspindump.dylib
0x0000000002f83000 	/usr/lib/libdscsym.dylib
0x0000000002f83000 	/System/Library/PrivateFrameworks/CoreAVCHD.framework/Versions/A/CoreAVCHD
0x0000000002f83000 	/System/Library/Frameworks/MediaAccessibility.framework/Versions/A/MediaAccessibility
0x0000000002f83000 	/System/Library/PrivateFrameworks/Mangrove.framework/Versions/A/Mangrove
0x0000000002f83000 	/System/Library/PrivateFrameworks/CoreAUC.framework/Versions/A/CoreAUC
0x0000000002f83000 	/System/Library/PrivateFrameworks/AppleVA.framework/Versions/A/AppleVA
0x0000000002f83000 	/System/Library/PrivateFrameworks/QuickLookThumbnailing.framework/Versions/A/QuickLookThumbnailing
0x0000000002f83000 	/System/Library/PrivateFrameworks/DisplayServices.framework/Versions/A/DisplayServices
0x0000000002f83000 	/System/Library/Frameworks/Quartz.framework/Versions/A/Frameworks/PDFKit.framework/Versions/A/PDFKit
0x0000000002f83000 	/System/Library/Frameworks/Quartz.framework/Versions/A/Frameworks/QuartzComposer.framework/Versions/A/QuartzComposer
0x0000000002f83000 	/System/Library/Frameworks/Quartz.framework/Versions/A/Frameworks/QuartzFilters.framework/Versions/A/QuartzFilters
0x0000000002f83000 	/System/Library/PrivateFrameworks/CorePDF.framework/Versions/A/CorePDF
0x0000000002f83000 	/System/Library/Frameworks/JavaScriptCore.framework/Versions/A/JavaScriptCore
0x0000000002f83000 	/System/Library/Frameworks/AddressBook.framework/Versions/A/AddressBook
0x0000000002f83000 	/System/Library/PrivateFrameworks/ContactsPersistence.framework/Versions/A/ContactsPersistence
0x0000000002f83000 	/System/Library/PrivateFrameworks/CalendarAgentLink.framework/Versions/A/CalendarAgentLink
0x0000000002f83000 	/System/Library/PrivateFrameworks/ContactsFoundation.framework/Versions/A/ContactsFoundation
0x0000000002f83000 	/System/Library/PrivateFrameworks/vCard.framework/Versions/A/vCard
0x0000000002f83000 	/System/Library/PrivateFrameworks/ToneLibrary.framework/Versions/A/ToneLibrary
0x0000000002f83000 	/System/Library/PrivateFrameworks/ToneKit.framework/Versions/A/ToneKit
0x0000000002f83000 	/System/Library/PrivateFrameworks/ApplePushService.framework/Versions/A/ApplePushService
0x0000000002f83000 	/System/Library/Frameworks/SecurityInterface.framework/Versions/A/SecurityInterface
0x0000000002f83000 	/System/Library/PrivateFrameworks/PhoneNumbers.framework/Versions/A/PhoneNumbers
0x0000000002f83000 	/System/Library/Frameworks/Quartz.framework/Versions/A/Quartz
0x0000000002f83000 	/System/Library/Frameworks/Accounts.framework/Versions/A/Accounts
0x0000000002f83000 	/System/Library/PrivateFrameworks/OAuth.framework/Versions/A/OAuth
0x0000000002f83000 	/System/Library/PrivateFrameworks/CacheDelete.framework/Versions/A/CacheDelete
0x0000000002f83000 	/System/Library/PrivateFrameworks/CloudDocs.framework/Versions/A/CloudDocs
0x0000000002f83000 	/System/Library/Frameworks/CloudKit.framework/Versions/A/CloudKit
0x0000000002f83000 	/System/Library/PrivateFrameworks/MMCS.framework/Versions/A/MMCS
0x0000000002f83000 	/System/Library/Frameworks/CoreLocation.framework/Versions/A/CoreLocation
0x0000000002f83000 	/System/Library/PrivateFrameworks/AssetCacheServices.framework/Versions/A/AssetCacheServices
0x0000000002f83000 	/System/Library/PrivateFrameworks/GeoServices.framework/Versions/A/GeoServices
0x0000000002f83000 	/System/Library/PrivateFrameworks/PlugInKit.framework/Versions/A/PlugInKit
0x0000000002f83000 	/System/Library/PrivateFrameworks/iLifeMediaBrowser.framework/Versions/A/iLifeMediaBrowser
0x0000000002f83000 	/System/Library/Frameworks/AVKit.framework/Versions/A/AVKit
0x0000000002f83000 	/System/Library/PrivateFrameworks/MediaRemote.framework/Versions/A/MediaRemote
0x0000000002f83000 	/System/Library/PrivateFrameworks/MediaServices.framework/Versions/A/MediaServices
0x000000017539e000 	/System/Library/Frameworks/Security.framework/PlugIns/csparser.bundle/Contents/MacOS/csparser
0x0000000175333000 	/System/Library/Frameworks/Quartz.framework/Versions/A/Frameworks/QuickLookUI.framework/Versions/A/PlugIns/Web2.qldisplay/Contents/MacOS/Web2
0x0000000002f83000 	/System/Library/Frameworks/WebKit.framework/Versions/A/WebKit
0x0000000002f83000 	/System/Library/Frameworks/WebKit.framework/Versions/A/Frameworks/WebKitLegacy.framework/Versions/A/WebKitLegacy
0x0000000002f83000 	/System/Library/Frameworks/WebKit.framework/Versions/A/Frameworks/WebCore.framework/Versions/A/WebCore
0x0000000002f83000 	/System/Library/PrivateFrameworks/ShareKit.framework/Versions/A/ShareKit
0x0000000002f83000 	/System/Library/Frameworks/Social.framework/Versions/A/Social
0x0000000002f83000 	/System/Library/PrivateFrameworks/AccountsUI.framework/Versions/A/AccountsUI
0x0000000002f83000 	/System/Library/PrivateFrameworks/AccountsDaemon.framework/Versions/A/AccountsDaemon
0x00000001782d3000 	/System/Library/Frameworks/Quartz.framework/Versions/A/Frameworks/QuickLookUI.framework/Versions/A/PlugIns/Generic.qldisplay/Contents/MacOS/Generic
0x00000001782ec000 	/System/Library/PrivateFrameworks/Lookup.framework/Lookup
0x0000000002f83000 	/System/Library/PrivateFrameworks/DataDetectors.framework/Versions/A/DataDetectors

VM Arguments:
jvm_args: -Dfile.encoding=UTF-8 
java_command: EficienciaFinanceiraRecursal
java_class_path (initial): /Volumes/HD/workspace/EFRECURSAL/build/classes:/Volumes/HD/Toncat/apache-tomcat-7.0.79/lib/annotations-api.jar:/Volumes/HD/Toncat/apache-tomcat-7.0.79/lib/catalina-ant.jar:/Volumes/HD/Toncat/apache-tomcat-7.0.79/lib/catalina-ha.jar:/Volumes/HD/Toncat/apache-tomcat-7.0.79/lib/catalina-tribes.jar:/Volumes/HD/Toncat/apache-tomcat-7.0.79/lib/catalina.jar:/Volumes/HD/Toncat/apache-tomcat-7.0.79/lib/ecj-4.4.2.jar:/Volumes/HD/Toncat/apache-tomcat-7.0.79/lib/el-api.jar:/Volumes/HD/Toncat/apache-tomcat-7.0.79/lib/jasper-el.jar:/Volumes/HD/Toncat/apache-tomcat-7.0.79/lib/jasper.jar:/Volumes/HD/Toncat/apache-tomcat-7.0.79/lib/jsp-api.jar:/Volumes/HD/Toncat/apache-tomcat-7.0.79/lib/servlet-api.jar:/Volumes/HD/Toncat/apache-tomcat-7.0.79/lib/tomcat-api.jar:/Volumes/HD/Toncat/apache-tomcat-7.0.79/lib/tomcat-coyote.jar:/Volumes/HD/Toncat/apache-tomcat-7.0.79/lib/tomcat-dbcp.jar:/Volumes/HD/Toncat/apache-tomcat-7.0.79/lib/tomcat-i18n-es.jar:/Volumes/HD/Toncat/apache-tomcat-7.0.79/lib/tomcat-i18n-fr.jar:/Volumes/HD/Toncat/apache-tomcat-7.0.79/lib/tomcat-i18n-ja.jar:/Volumes/HD/Toncat/apache-tomcat-7.0.79/lib/tomcat-jdbc.jar:/Volumes/HD/Toncat/apache-tomcat-7.0.79/lib/tomcat-util.jar:/Volumes/HD/Toncat/apache-tomcat-7.0.79/lib/tomcat7-websocket.jar:/Volumes/HD/Toncat/apache-tomcat-7.0.79/lib/websocket-api.jar:/Volumes/HD/workspace/EFRECURSAL/WebContent/WEB-INF/lib/commons-codec-1.10.jar:/Volumes/HD/workspace/EFRECURSAL/WebContent/WEB-INF/lib/commons-collections4-4.1.jar:/Volumes/HD/workspace/EFRECURSAL/WebContent/WEB-INF/lib/commons-fileupload-1.3.2.jar:/Volumes/HD/workspace/EFRECURSAL/WebContent/WEB-INF/lib/commons-io-2.5.jar:/Volumes/HD/workspace/EFRECURSAL/WebContent/WEB-INF/lib/commons-logging-1.2.jar:/Volumes/HD/workspace/EFRECURSAL/WebContent/WEB-INF/lib/curvesapi-1.04.jar:/Volumes/HD/workspace/EFRECURSAL/WebContent/WEB-INF/lib/dom4j-2.0.0-ALPHA-2.jar:/Volumes/HD/workspace/EFRECURSAL/WebContent/WEB-INF/lib/javax.faces-2.1.10.jar:/Volumes/HD/workspac
Launcher Type: SUN_STANDARD

Environment Variables:
PATH=/usr/bin:/bin:/usr/sbin:/sbin
SHELL=/bin/zsh

Signal Handlers:
SIGSEGV: [libjvm.dylib+0x5b0579], sa_mask[0]=11111111011111110111111111111111, sa_flags=SA_ONSTACK|SA_RESTART|SA_SIGINFO
SIGBUS: [libjvm.dylib+0x5b0579], sa_mask[0]=11111111011111110111111111111111, sa_flags=SA_RESTART|SA_SIGINFO
SIGFPE: [libjvm.dylib+0x4874e4], sa_mask[0]=11111111011111110111111111111111, sa_flags=SA_RESTART|SA_SIGINFO
SIGPIPE: [libjvm.dylib+0x4874e4], sa_mask[0]=11111111011111110111111111111111, sa_flags=SA_RESTART|SA_SIGINFO
SIGXFSZ: [libjvm.dylib+0x4874e4], sa_mask[0]=11111111011111110111111111111111, sa_flags=SA_RESTART|SA_SIGINFO
SIGILL: [libjvm.dylib+0x4874e4], sa_mask[0]=11111111011111110111111111111111, sa_flags=SA_RESTART|SA_SIGINFO
SIGUSR1: SIG_DFL, sa_mask[0]=00000000000000000000000000000000, sa_flags=none
SIGUSR2: [libjvm.dylib+0x487002], sa_mask[0]=00100000000000000000000000000000, sa_flags=SA_RESTART|SA_SIGINFO
SIGHUP: [libjvm.dylib+0x4855d9], sa_mask[0]=11111111011111110111111111111111, sa_flags=SA_RESTART|SA_SIGINFO
SIGINT: [libjvm.dylib+0x4855d9], sa_mask[0]=11111111011111110111111111111111, sa_flags=SA_RESTART|SA_SIGINFO
SIGTERM: [libjvm.dylib+0x4855d9], sa_mask[0]=11111111011111110111111111111111, sa_flags=SA_RESTART|SA_SIGINFO
SIGQUIT: [libjvm.dylib+0x4855d9], sa_mask[0]=11111111011111110111111111111111, sa_flags=SA_RESTART|SA_SIGINFO


---------------  S Y S T E M  ---------------

OS:Bsduname:Darwin 16.7.0 Darwin Kernel Version 16.7.0: Wed Oct  4 00:17:00 PDT 2017; root:xnu-3789.71.6~1/RELEASE_X86_64 x86_64
rlimit: STACK 8192k, CORE 0k, NPROC 709, NOFILE 10240, AS infinity
load average:2.34 2.15 2.91

CPU:total 4 (2 cores per cpu, 2 threads per core) family 6 model 42 stepping 7, cmov, cx8, fxsr, mmx, sse, sse2, sse3, ssse3, sse4.1, sse4.2, popcnt, avx, aes, clmul, ht, tsc, tscinvbit

Memory: 4k page, physical 16777216k(1771592k free)

/proc/meminfo:


vm_info: Java HotSpot(TM) 64-Bit Server VM (25.102-b14) for bsd-amd64 JRE (1.8.0_102-b14), built on Jun 22 2016 11:42:36 by "java_re" with gcc 4.2.1 (Based on Apple Inc. build 5658) (LLVM build 2336.11.00)

time: Wed Dec 20 13:49:24 2017
elapsed time: 22 seconds (0d 0h 0m 22s)

